#
# There is insufficient memory for the Java Runtime Environment to continue.
# Native memory allocation (mmap) failed to map 266338304 bytes for Failed to commit area from 0x00000000e0000000 to 0x00000000efe00000 of length 266338304.
# Possible reasons:
#   The system is out of physical RAM or swap space
#   The process is running with CompressedOops enabled, and the Java Heap may be blocking the growth of the native heap
# Possible solutions:
#   Reduce memory load on the system
#   Increase physical memory or swap space
#   Check if swap backing store is full
#   Decrease Java heap size (-Xmx/-Xms)
#   Decrease number of Java threads
#   Decrease Java thread stack sizes (-Xss)
#   Set larger code cache with -XX:ReservedCodeCacheSize=
# This output file may be truncated or incomplete.
#
#  Out of Memory Error (./src/hotspot/os/windows/os_windows.cpp:3311), pid=11928, tid=42872
#
# JRE version:  (11.0.12+7) (build )
# Java VM: OpenJDK 64-Bit Server VM (11.0.12+7, mixed mode, sharing, tiered, compressed oops, g1 gc, windows-amd64)
# No core dump will be written. Minidumps are not enabled by default on client versions of Windows
#

---------------  S U M M A R Y ------------

Command Line: -Dio.netty.leakDetection.level=paranoid -Djava.awt.headless=true -Dorg.gradle.native=false -DtestGroups -agentlib:jdwp=transport=dt_socket,server=n,suspend=y,address=127.0.0.1:3192 -Xmx512m -Dfile.encoding=UTF-8 -Duser.country=CN -Duser.language=zh -Duser.variant -ea worker.org.gradle.process.internal.worker.GradleWorkerMain 'Gradle Test Executor 8'

Host: 11th Gen Intel(R) Core(TM) i5-1135G7 @ 2.40GHz, 8 cores, 15G,  Windows 10 , 64 bit Build 19041 (10.0.19041.1741)
Time: Wed Jun 29 17:00:02 2022 中国标准时间 elapsed time: 0.011056 seconds (0d 0h 0m 0s)

---------------  T H R E A D  ---------------

Current thread (0x0000021b94247000):  JavaThread "Unknown thread" [_thread_in_vm, id=42872, stack(0x00000044dac00000,0x00000044dad00000)]

Stack: [0x00000044dac00000,0x00000044dad00000]
Native frames: (J=compiled Java code, j=interpreted, Vv=VM code, C=native code)
V  [jvm.dll+0x601d0a]
V  [jvm.dll+0x78ab6e]
V  [jvm.dll+0x78c23f]
V  [jvm.dll+0x78c903]
V  [jvm.dll+0x24be68]
V  [jvm.dll+0x5feeaa]
V  [jvm.dll+0x5f3965]
V  [jvm.dll+0x303b0c]
V  [jvm.dll+0x303992]
V  [jvm.dll+0x3086b6]
V  [jvm.dll+0x34d57f]
V  [jvm.dll+0x34cfb0]
V  [jvm.dll+0x2e0c18]
V  [jvm.dll+0x2e1d76]
V  [jvm.dll+0x765ef7]
V  [jvm.dll+0x76767f]
V  [jvm.dll+0x35a309]
V  [jvm.dll+0x748f80]
V  [jvm.dll+0x3c1f3f]
V  [jvm.dll+0x3c4411]
C  [jli.dll+0x5207]
C  [ucrtbase.dll+0x21bb2]
C  [KERNEL32.DLL+0x17034]
C  [ntdll.dll+0x52651]


---------------  P R O C E S S  ---------------

Threads class SMR info:
_java_thread_list=0x0000021b92064ea0, length=0, elements={
}

Java Threads: ( => current thread )

Other Threads:
  0x0000021b9425c000 GCTaskThread "GC Thread#0" [stack: 0x00000044dad00000,0x00000044dae00000] [id=60228]
  0x0000021b9426f800 ConcurrentGCThread "G1 Main Marker" [stack: 0x00000044dae00000,0x00000044daf00000] [id=61696]
  0x0000021b94271000 ConcurrentGCThread "G1 Conc#0" [stack: 0x00000044daf00000,0x00000044db000000] [id=43980]

[error occurred during error reporting (printing all threads), id 0xc0000005, EXCEPTION_ACCESS_VIOLATION (0xc0000005) at pc=0x00007ff99b2102e7]

VM state:not at safepoint (not fully initialized)

VM Mutex/Monitor currently owned by a thread:  ([mutex/lock_event])
[0x0000021b94246da0] Heap_lock - owner thread: 0x0000021b94247000

Heap address: 0x00000000e0000000, size: 512 MB, Compressed Oops mode: Non-zero based: 0x00000000e0000000
Narrow klass base: 0x0000000000000000, Narrow klass shift: 0

GC Heap History (0 events):
No events

Deoptimization events (0 events):
No events

Classes redefined (0 events):
No events

Internal exceptions (0 events):
No events

Events (1 events):
Event: 0.006 Loaded shared library D:\env\java\jdk11.0.12\bin\zip.dll


Dynamic libraries:
0x00007ff6e1f80000 - 0x00007ff6e1f8d000 	D:\env\java\jdk11.0.12\bin\java.exe
0x00007ff9da6f0000 - 0x00007ff9da8e7000 	C:\Windows\SYSTEM32\ntdll.dll
0x00007ff9d9760000 - 0x00007ff9d981d000 	C:\Windows\System32\KERNEL32.DLL
0x00007ff9d7ef0000 - 0x00007ff9d81bd000 	C:\Windows\System32\KERNELBASE.dll
0x00007ff9d8230000 - 0x00007ff9d8330000 	C:\Windows\System32\ucrtbase.dll
0x00007ff9d2c20000 - 0x00007ff9d2c37000 	D:\env\java\jdk11.0.12\bin\jli.dll
0x00007ff9d1500000 - 0x00007ff9d1515000 	D:\env\java\jdk11.0.12\bin\VCRUNTIME140.dll
0x00007ff9d8a30000 - 0x00007ff9d8bd0000 	C:\Windows\System32\USER32.dll
0x00007ff9d8720000 - 0x00007ff9d8742000 	C:\Windows\System32\win32u.dll
0x00007ff9d8e30000 - 0x00007ff9d8e5a000 	C:\Windows\System32\GDI32.dll
0x00007ff9d8330000 - 0x00007ff9d843b000 	C:\Windows\System32\gdi32full.dll
0x00007ff9c7e80000 - 0x00007ff9c811a000 	C:\Windows\WinSxS\amd64_microsoft.windows.common-controls_6595b64144ccf1df_6.0.19041.1110_none_60b5254171f9507e\COMCTL32.dll
0x00007ff9d8520000 - 0x00007ff9d85bd000 	C:\Windows\System32\msvcp_win.dll
0x00007ff9da250000 - 0x00007ff9da2ee000 	C:\Windows\System32\msvcrt.dll
0x00007ff9d9730000 - 0x00007ff9d9760000 	C:\Windows\System32\IMM32.DLL
0x00007ff9ad860000 - 0x00007ff9ad8fb000 	D:\env\java\jdk11.0.12\bin\msvcp140.dll
0x00007ff99af20000 - 0x00007ff99ba79000 	D:\env\java\jdk11.0.12\bin\server\jvm.dll
0x00007ff9d8c80000 - 0x00007ff9d8d2e000 	C:\Windows\System32\ADVAPI32.dll
0x00007ff9d8d30000 - 0x00007ff9d8dcc000 	C:\Windows\System32\sechost.dll
0x00007ff9d8760000 - 0x00007ff9d8885000 	C:\Windows\System32\RPCRT4.dll
0x00007ff9d8750000 - 0x00007ff9d8758000 	C:\Windows\System32\PSAPI.DLL
0x00007ff9d2ac0000 - 0x00007ff9d2ac9000 	C:\Windows\SYSTEM32\WSOCK32.dll
0x00007ff9da1e0000 - 0x00007ff9da24b000 	C:\Windows\System32\WS2_32.dll
0x00007ff9d1490000 - 0x00007ff9d149a000 	C:\Windows\SYSTEM32\VERSION.dll
0x00007ff9c8a30000 - 0x00007ff9c8a57000 	C:\Windows\SYSTEM32\WINMM.dll
0x00007ff9d5cf0000 - 0x00007ff9d5d02000 	C:\Windows\SYSTEM32\kernel.appcore.dll
0x00007ff9d5770000 - 0x00007ff9d5780000 	D:\env\java\jdk11.0.12\bin\verify.dll
0x00007ff9d5380000 - 0x00007ff9d5564000 	C:\Windows\SYSTEM32\DBGHELP.DLL
0x00007ff9d0660000 - 0x00007ff9d068c000 	C:\Windows\SYSTEM32\dbgcore.DLL
0x00007ff9d7e10000 - 0x00007ff9d7e92000 	C:\Windows\System32\bcryptPrimitives.dll
0x00007ff9c0850000 - 0x00007ff9c0878000 	D:\env\java\jdk11.0.12\bin\java.dll
0x00007ff9d5660000 - 0x00007ff9d566a000 	D:\env\java\jdk11.0.12\bin\jimage.dll
0x00007ff9bf130000 - 0x00007ff9bf168000 	D:\env\java\jdk11.0.12\bin\jdwp.dll
0x00007ff9d14d0000 - 0x00007ff9d14e7000 	D:\env\java\jdk11.0.12\bin\zip.dll

dbghelp: loaded successfully - version: 4.0.5 - missing functions: none
symbol engine: initialized successfully - sym options: 0x614 - pdb path: .;D:\env\java\jdk11.0.12\bin;C:\Windows\SYSTEM32;C:\Windows\WinSxS\amd64_microsoft.windows.common-controls_6595b64144ccf1df_6.0.19041.1110_none_60b5254171f9507e;D:\env\java\jdk11.0.12\bin\server

VM Arguments:
jvm_args: -Dio.netty.leakDetection.level=paranoid -Djava.awt.headless=true -Dorg.gradle.native=false -DtestGroups -agentlib:jdwp=transport=dt_socket,server=n,suspend=y,address=127.0.0.1:3192 -Xmx512m -Dfile.encoding=UTF-8 -Duser.country=CN -Duser.language=zh -Duser.variant -ea 
java_command: worker.org.gradle.process.internal.worker.GradleWorkerMain 'Gradle Test Executor 8'
java_class_path (initial): D:\\env\\repository\\gradle\\caches\\6.8.3\\workerMain\\gradle-worker.jar;D:\\1.code\\100.opensource\\spring-framework\\spring-beans\\build\\classes\\java\\test;D:\\1.code\\100.opensource\\spring-framework\\spring-beans\\build\\classes\\groovy\\test;D:\\1.code\\100.opensource\\spring-framework\\spring-beans\\build\\classes\\kotlin\\test;D:\\1.code\\100.opensource\\spring-framework\\spring-beans\\build\\resources\\test;D:\\1.code\\100.opensource\\spring-framework\\spring-beans\\build\\libs\\spring-beans-5.3.9-test-fixtures.jar;D:\\1.code\\100.opensource\\spring-framework\\spring-beans\\build\\libs\\spring-beans-5.3.9.jar;D:\\1.code\\100.opensource\\spring-framework\\spring-core\\build\\libs\\spring-core-5.3.9.jar;D:\\1.code\\100.opensource\\spring-framework\\spring-core\\build\\libs\\spring-cglib-repack-3.3.0.jar;D:\\1.code\\100.opensource\\spring-framework\\spring-core\\build\\libs\\spring-objenesis-repack-3.2.jar;D:\\1.code\\100.opensource\\spring-framework\\spring-core\\build\\libs\\spring-core-5.3.9-test-fixtures.jar;D:\\env\\repository\\gradle\\caches\\modules-2\\files-2.1\\org.junit.platform\\junit-platform-launcher\\1.7.2\\9bcb72e95d291c9ff45c3f8c0a054abc764b4205\\junit-platform-launcher-1.7.2.jar;D:\\env\\repository\\gradle\\caches\\modules-2\\files-2.1\\org.junit.jupiter\\junit-jupiter-engine\\5.7.2\\9415680a889f00b8205a094c5c487bc69dc7077d\\junit-jupiter-engine-5.7.2.jar;D:\\env\\repository\\gradle\\caches\\modules-2\\files-2.1\\org.junit.platform\\junit-platform-engine\\1.7.2\\2573770b46b8a199ed5f6b0f96fb99e468bfe891\\junit-platform-engine-1.7.2.jar;D:\\env\\repository\\gradle\\caches\\modules-2\\files-2.1\\org.junit.platform\\junit-platform-commons\\1.7.2\\34adfea6c13fc4a996cf38cdad80800ce850d198\\junit-platform-commons-1.7.2.jar;D:\\env\\repository\\gradle\\caches\\modules-2\\files-2.1\\org.junit.jupiter\\junit-jupiter-params\\5.7.2\\685f832f8c54dd40100f646d61aca88ed9545421\\junit-jupiter-params-5.7.2.jar;D:\\env\\repository\
Launcher Type: SUN_STANDARD

[Global flags]
     intx CICompilerCount                          = 4                                         {product} {ergonomic}
     uint ConcGCThreads                            = 2                                         {product} {ergonomic}
     uint G1ConcRefinementThreads                  = 8                                         {product} {ergonomic}
   size_t G1HeapRegionSize                         = 1048576                                   {product} {ergonomic}
    uintx GCDrainStackTargetSize                   = 64                                        {product} {ergonomic}
   size_t InitialHeapSize                          = 266338304                                 {product} {ergonomic}
   size_t MarkStackSize                            = 4194304                                   {product} {ergonomic}
   size_t MaxHeapSize                              = 536870912                                 {product} {command line}
   size_t MinHeapDeltaBytes                        = 1048576                                   {product} {ergonomic}
    uintx NonNMethodCodeHeapSize                   = 5836300                                {pd product} {ergonomic}
    uintx NonProfiledCodeHeapSize                  = 122910970                              {pd product} {ergonomic}
    uintx ProfiledCodeHeapSize                     = 122910970                              {pd product} {ergonomic}
    uintx ReservedCodeCacheSize                    = 251658240                              {pd product} {ergonomic}
     bool SegmentedCodeCache                       = true                                      {product} {ergonomic}
     bool UseCompressedClassPointers               = true                                 {lp64_product} {ergonomic}
     bool UseCompressedOops                        = true                                 {lp64_product} {ergonomic}
     bool UseG1GC                                  = true                                      {product} {ergonomic}
     bool UseLargePagesIndividualAllocation        = false                                  {pd product} {ergonomic}

Logging:
Log output configuration:
 #0: stdout all=warning uptime,level,tags
 #1: stderr all=off uptime,level,tags

Environment Variables:
JAVA_HOME=D:\env\java\jdk1.8.0_91
CLASSPATH=D:\env\java\jdk1.8.0_91\lib
PATH=C:\Python39\Scripts\;C:\Python39\;C:\Windows\system32;C:\Windows;C:\Windows\System32\Wbem;C:\Windows\System32\WindowsPowerShell\v1.0\;C:\Windows\System32\OpenSSH\;D:\env\java\jdk1.8.0_91\bin;D:\env\apache\apache-maven-3.8.1\bin;D:\env\apache\apache-jmeter-3.0\bin;D:\env\spring-2.1.7.RELEASE\bin;D:\env\go\bin;D:\env\nodejs;D:\env\scala\bin;D:\env\sbt\bin;D:\env\awscli\;D:\5.tool\client\xshell\;D:\env\gradle-6.2.2\bin;D:\env\Git2\bin;D:\env\Git2\cmd;D:\env\Yarn\bin\;D:\env\nodejs\;C:\ProgramData\chocolatey\bin;C:\Program Files (x86)\HP\IdrsOCR_15.2.10.1114\;D:\5.tool\;D:\LenovoSoftstore\Install\ffmpeg\;D:\LenovoSoftstore\Install\ffmpeg\bin;C:\Users\58839\AppData\Local\Yarn\bin;C:\Users\58839\AppData\Roaming\npm;D:\IDE\IntelliJ IDEA 2021.1.3\bin;
USERNAME=sangjun
OS=Windows_NT
PROCESSOR_IDENTIFIER=Intel64 Family 6 Model 140 Stepping 1, GenuineIntel



---------------  S Y S T E M  ---------------

OS: Windows 10 , 64 bit Build 19041 (10.0.19041.1741)
OS uptime: 11 days 12:35 hours

CPU:total 8 (initial active 8) (4 cores per cpu, 2 threads per core) family 6 model 140 stepping 1 microcode 0x66, cmov, cx8, fxsr, mmx, sse, sse2, sse3, ssse3, sse4.1, sse4.2, popcnt, avx, avx2, aes, clmul, erms, 3dnowpref, lzcnt, ht, tsc, tscinvbit, bmi1, bmi2, adx, evex, sha, fma

Memory: 4k page, system-wide physical 16183M (2123M free)
TotalPageFile size 28983M (AvailPageFile size 149M)
current process WorkingSet (physical memory assigned to process): 10M, peak: 10M
current process commit charge ("private bytes"): 59M, peak: 313M

vm_info: OpenJDK 64-Bit Server VM (11.0.12+7) for windows-amd64 JRE (11.0.12+7), built on Jul 21 2021 16:23:49 by "" with unknown MS VC++:1916

END.
