#
# There is insufficient memory for the Java Runtime Environment to continue.
# Native memory allocation (malloc) failed to allocate 2523856 bytes for Chunk::new
# Possible reasons:
#   The system is out of physical RAM or swap space
#   The process is running with CompressedOops enabled, and the Java Heap may be blocking the growth of the native heap
# Possible solutions:
#   Reduce memory load on the system
#   Increase physical memory or swap space
#   Check if swap backing store is full
#   Decrease Java heap size (-Xmx/-Xms)
#   Decrease number of Java threads
#   Decrease Java thread stack sizes (-Xss)
#   Set larger code cache with -XX:ReservedCodeCacheSize=
#   JVM is running with Unscaled Compressed Oops mode in which the Java heap is
#     placed in the first 4GB address space. The Java Heap base address is the
#     maximum limit for the native heap growth. Please use -XX:HeapBaseMinAddress
#     to set the Java Heap base and to place the Java Heap above 4GB virtual address.
# This output file may be truncated or incomplete.
#
#  Out of Memory Error (./src/hotspot/share/memory/arena.cpp:197), pid=58076, tid=61280
#
# JRE version: OpenJDK Runtime Environment Temurin-11.0.12+7 (11.0.12+7) (build 11.0.12+7)
# Java VM: OpenJDK 64-Bit Server VM Temurin-11.0.12+7 (11.0.12+7, mixed mode, tiered, compressed oops, g1 gc, windows-amd64)
# No core dump will be written. Minidumps are not enabled by default on client versions of Windows
#

---------------  S U M M A R Y ------------

Command Line: -Dio.netty.leakDetection.level=paranoid -Djava.awt.headless=true -Dorg.gradle.native=false -DtestGroups -agentlib:jdwp=transport=dt_socket,server=n,suspend=y,address=127.0.0.1:2835 -Xmx512m -Dfile.encoding=UTF-8 -Duser.country=CN -Duser.language=zh -Duser.variant -ea worker.org.gradle.process.internal.worker.GradleWorkerMain 'Gradle Test Executor 6'

Host: 11th Gen Intel(R) Core(TM) i5-1135G7 @ 2.40GHz, 8 cores, 15G,  Windows 10 , 64 bit Build 19041 (10.0.19041.1741)
Time: Wed Jun 29 16:57:32 2022 中国标准时间 elapsed time: 4.139102 seconds (0d 0h 0m 4s)

---------------  T H R E A D  ---------------

Current thread (0x00000274d8359000):  JavaThread "C2 CompilerThread1" daemon [_thread_in_native, id=61280, stack(0x000000968ea00000,0x000000968eb00000)]


Current CompileTask:
C2:   4139 1630       4       org.junit.platform.commons.util.AnnotationUtils::findMetaAnnotation (84 bytes)

Stack: [0x000000968ea00000,0x000000968eb00000]
Native frames: (J=compiled Java code, j=interpreted, Vv=VM code, C=native code)
V  [jvm.dll+0x601d0a]
V  [jvm.dll+0x78ab6e]
V  [jvm.dll+0x78c23f]
V  [jvm.dll+0x78c903]
V  [jvm.dll+0x24be68]
V  [jvm.dll+0xc219c]
V  [jvm.dll+0xc275c]
V  [jvm.dll+0x354857]
V  [jvm.dll+0x19db09]
V  [jvm.dll+0x205622]
V  [jvm.dll+0x2046fd]
V  [jvm.dll+0x1898fc]
V  [jvm.dll+0x213d67]
V  [jvm.dll+0x211f2b]
V  [jvm.dll+0x74ec19]
V  [jvm.dll+0x747c84]
V  [jvm.dll+0x600ba6]
C  [ucrtbase.dll+0x21bb2]
C  [KERNEL32.DLL+0x17034]
C  [ntdll.dll+0x52651]


---------------  P R O C E S S  ---------------

Threads class SMR info:
_java_thread_list=0x00000274d83767e0, length=17, elements={
0x00000274bb832000, 0x00000274d7837800, 0x00000274d7840800, 0x00000274d78ac000,
0x00000274d78b0800, 0x00000274d78b1800, 0x00000274d78b3800, 0x00000274d78be800,
0x00000274d78bf800, 0x00000274d7a72800, 0x00000274d7a67800, 0x00000274d7a77800,
0x00000274d7a8d000, 0x00000274d82ae800, 0x00000274d81fe000, 0x00000274d82eb800,
0x00000274d8359000
}

Java Threads: ( => current thread )
  0x00000274bb832000 JavaThread "main" [_thread_blocked, id=62268, stack(0x000000968d200000,0x000000968d300000)]
  0x00000274d7837800 JavaThread "Reference Handler" daemon [_thread_blocked, id=60736, stack(0x000000968d900000,0x000000968da00000)]
  0x00000274d7840800 JavaThread "Finalizer" daemon [_thread_blocked, id=52692, stack(0x000000968da00000,0x000000968db00000)]
  0x00000274d78ac000 JavaThread "Signal Dispatcher" daemon [_thread_blocked, id=46004, stack(0x000000968db00000,0x000000968dc00000)]
  0x00000274d78b0800 JavaThread "Attach Listener" daemon [_thread_blocked, id=61020, stack(0x000000968dc00000,0x000000968dd00000)]
  0x00000274d78b1800 JavaThread "Service Thread" daemon [_thread_blocked, id=55056, stack(0x000000968dd00000,0x000000968de00000)]
  0x00000274d78b3800 JavaThread "C2 CompilerThread0" daemon [_thread_in_native, id=58168, stack(0x000000968de00000,0x000000968df00000)]
  0x00000274d78be800 JavaThread "C1 CompilerThread0" daemon [_thread_blocked, id=58692, stack(0x000000968df00000,0x000000968e000000)]
  0x00000274d78bf800 JavaThread "Sweeper thread" daemon [_thread_blocked, id=62104, stack(0x000000968e000000,0x000000968e100000)]
  0x00000274d7a72800 JavaThread "JDWP Transport Listener: dt_socket" daemon [_thread_blocked, id=59748, stack(0x000000968e100000,0x000000968e200000)]
  0x00000274d7a67800 JavaThread "JDWP Event Helper Thread" daemon [_thread_blocked, id=61316, stack(0x000000968e200000,0x000000968e300000)]
  0x00000274d7a77800 JavaThread "JDWP Command Reader" daemon [_thread_in_native, id=33488, stack(0x000000968e300000,0x000000968e400000)]
  0x00000274d7a8d000 JavaThread "Common-Cleaner" daemon [_thread_blocked, id=57800, stack(0x000000968e500000,0x000000968e600000)]
  0x00000274d82ae800 JavaThread "Test worker" [_thread_in_vm, id=58656, stack(0x000000968e700000,0x000000968e800000)]
  0x00000274d81fe000 JavaThread "/127.0.0.1:2840 to /127.0.0.1:2837 workers Thread 2" [_thread_blocked, id=60960, stack(0x000000968e800000,0x000000968e900000)]
  0x00000274d82eb800 JavaThread "/127.0.0.1:2840 to /127.0.0.1:2837 workers Thread 3" [_thread_in_native, id=24236, stack(0x000000968e900000,0x000000968ea00000)]
=>0x00000274d8359000 JavaThread "C2 CompilerThread1" daemon [_thread_in_native, id=61280, stack(0x000000968ea00000,0x000000968eb00000)]

Other Threads:
  0x00000274d7812800 VMThread "VM Thread" [stack: 0x000000968d800000,0x000000968d900000] [id=21088]
  0x00000274d7a93000 WatcherThread [stack: 0x000000968e400000,0x000000968e500000] [id=62412]
  0x00000274bb84c000 GCTaskThread "GC Thread#0" [stack: 0x000000968d300000,0x000000968d400000] [id=46320]
  0x00000274d8bda800 GCTaskThread "GC Thread#1" [stack: 0x000000968eb00000,0x000000968ec00000] [id=54760]
  0x00000274d9036800 GCTaskThread "GC Thread#2" [stack: 0x000000968ec00000,0x000000968ed00000] [id=59816]
  0x00000274d83d2000 GCTaskThread "GC Thread#3" [stack: 0x000000968ed00000,0x000000968ee00000] [id=25252]
  0x00000274d8d5b800 GCTaskThread "GC Thread#4" [stack: 0x000000968ee00000,0x000000968ef00000] [id=32196]
  0x00000274d8e9b800 GCTaskThread "GC Thread#5" [stack: 0x000000968ef00000,0x000000968f000000] [id=58912]
  0x00000274d8b57000 GCTaskThread "GC Thread#6" [stack: 0x000000968f000000,0x000000968f100000] [id=60888]
  0x00000274d8e93800 GCTaskThread "GC Thread#7" [stack: 0x000000968f100000,0x000000968f200000] [id=53908]
  0x00000274bb85f000 ConcurrentGCThread "G1 Main Marker" [stack: 0x000000968d400000,0x000000968d500000] [id=61292]
  0x00000274bb860800 ConcurrentGCThread "G1 Conc#0" [stack: 0x000000968d500000,0x000000968d600000] [id=53336]
  0x00000274bb90e000 ConcurrentGCThread "G1 Refine#0" [stack: 0x000000968d600000,0x000000968d700000] [id=40600]
  0x00000274d6e7c800 ConcurrentGCThread "G1 Young RemSet Sampling" [stack: 0x000000968d700000,0x000000968d800000] [id=58428]

Threads with active compile tasks:
C2 CompilerThread0   4194 1793   !   4       java.net.URL::<init> (543 bytes)
C2 CompilerThread1   4195 1630       4       org.junit.platform.commons.util.AnnotationUtils::findMetaAnnotation (84 bytes)

VM state:not at safepoint (normal execution)

VM Mutex/Monitor currently owned by a thread: None

Heap address: 0x00000000e0000000, size: 512 MB, Compressed Oops mode: 32-bit
Narrow klass base: 0x0000000000000000, Narrow klass shift: 3
Compressed class space size: 1073741824 Address: 0x0000000100000000

Heap:
 garbage-first heap   total 260096K, used 24303K [0x00000000e0000000, 0x0000000100000000)
  region size 1024K, 19 young (19456K), 2 survivors (2048K)
 Metaspace       used 19820K, capacity 20493K, committed 20736K, reserved 1067008K
  class space    used 2299K, capacity 2547K, committed 2560K, reserved 1048576K
Heap Regions: E=young(eden), S=young(survivor), O=old, HS=humongous(starts), HC=humongous(continues), CS=collection set, F=free, A=archive, TAMS=top-at-mark-start (previous, next)
|   0|0x00000000e0000000, 0x00000000e0100000, 0x00000000e0100000|100%| O|  |TAMS 0x00000000e0000000, 0x00000000e0000000| Untracked 
|   1|0x00000000e0100000, 0x00000000e0200000, 0x00000000e0200000|100%| O|  |TAMS 0x00000000e0100000, 0x00000000e0100000| Untracked 
|   2|0x00000000e0200000, 0x00000000e02ffff8, 0x00000000e0300000| 99%| O|  |TAMS 0x00000000e0200000, 0x00000000e0200000| Untracked 
|   3|0x00000000e0300000, 0x00000000e0400000, 0x00000000e0400000|100%| O|  |TAMS 0x00000000e0300000, 0x00000000e0300000| Untracked 
|   4|0x00000000e0400000, 0x00000000e0500000, 0x00000000e0500000|100%| O|  |TAMS 0x00000000e0400000, 0x00000000e0400000| Untracked 
|   5|0x00000000e0500000, 0x00000000e0600000, 0x00000000e0600000|100%| O|  |TAMS 0x00000000e0500000, 0x00000000e0500000| Untracked 
|   6|0x00000000e0600000, 0x00000000e066ea00, 0x00000000e0700000| 43%| O|  |TAMS 0x00000000e0600000, 0x00000000e0600000| Untracked 
|   7|0x00000000e0700000, 0x00000000e0700000, 0x00000000e0800000|  0%| F|  |TAMS 0x00000000e0700000, 0x00000000e0700000| Untracked 
|   8|0x00000000e0800000, 0x00000000e0800000, 0x00000000e0900000|  0%| F|  |TAMS 0x00000000e0800000, 0x00000000e0800000| Untracked 
|   9|0x00000000e0900000, 0x00000000e0900000, 0x00000000e0a00000|  0%| F|  |TAMS 0x00000000e0900000, 0x00000000e0900000| Untracked 
|  10|0x00000000e0a00000, 0x00000000e0a00000, 0x00000000e0b00000|  0%| F|  |TAMS 0x00000000e0a00000, 0x00000000e0a00000| Untracked 
|  11|0x00000000e0b00000, 0x00000000e0b00000, 0x00000000e0c00000|  0%| F|  |TAMS 0x00000000e0b00000, 0x00000000e0b00000| Untracked 
|  12|0x00000000e0c00000, 0x00000000e0c00000, 0x00000000e0d00000|  0%| F|  |TAMS 0x00000000e0c00000, 0x00000000e0c00000| Untracked 
|  13|0x00000000e0d00000, 0x00000000e0d00000, 0x00000000e0e00000|  0%| F|  |TAMS 0x00000000e0d00000, 0x00000000e0d00000| Untracked 
|  14|0x00000000e0e00000, 0x00000000e0e00000, 0x00000000e0f00000|  0%| F|  |TAMS 0x00000000e0e00000, 0x00000000e0e00000| Untracked 
|  15|0x00000000e0f00000, 0x00000000e0f00000, 0x00000000e1000000|  0%| F|  |TAMS 0x00000000e0f00000, 0x00000000e0f00000| Untracked 
|  16|0x00000000e1000000, 0x00000000e1000000, 0x00000000e1100000|  0%| F|  |TAMS 0x00000000e1000000, 0x00000000e1000000| Untracked 
|  17|0x00000000e1100000, 0x00000000e1100000, 0x00000000e1200000|  0%| F|  |TAMS 0x00000000e1100000, 0x00000000e1100000| Untracked 
|  18|0x00000000e1200000, 0x00000000e1200000, 0x00000000e1300000|  0%| F|  |TAMS 0x00000000e1200000, 0x00000000e1200000| Untracked 
|  19|0x00000000e1300000, 0x00000000e1300000, 0x00000000e1400000|  0%| F|  |TAMS 0x00000000e1300000, 0x00000000e1300000| Untracked 
|  20|0x00000000e1400000, 0x00000000e1400000, 0x00000000e1500000|  0%| F|  |TAMS 0x00000000e1400000, 0x00000000e1400000| Untracked 
|  21|0x00000000e1500000, 0x00000000e1500000, 0x00000000e1600000|  0%| F|  |TAMS 0x00000000e1500000, 0x00000000e1500000| Untracked 
|  22|0x00000000e1600000, 0x00000000e1600000, 0x00000000e1700000|  0%| F|  |TAMS 0x00000000e1600000, 0x00000000e1600000| Untracked 
|  23|0x00000000e1700000, 0x00000000e1700000, 0x00000000e1800000|  0%| F|  |TAMS 0x00000000e1700000, 0x00000000e1700000| Untracked 
|  24|0x00000000e1800000, 0x00000000e1800000, 0x00000000e1900000|  0%| F|  |TAMS 0x00000000e1800000, 0x00000000e1800000| Untracked 
|  25|0x00000000e1900000, 0x00000000e1900000, 0x00000000e1a00000|  0%| F|  |TAMS 0x00000000e1900000, 0x00000000e1900000| Untracked 
|  26|0x00000000e1a00000, 0x00000000e1a00000, 0x00000000e1b00000|  0%| F|  |TAMS 0x00000000e1a00000, 0x00000000e1a00000| Untracked 
|  27|0x00000000e1b00000, 0x00000000e1b00000, 0x00000000e1c00000|  0%| F|  |TAMS 0x00000000e1b00000, 0x00000000e1b00000| Untracked 
|  28|0x00000000e1c00000, 0x00000000e1c00000, 0x00000000e1d00000|  0%| F|  |TAMS 0x00000000e1c00000, 0x00000000e1c00000| Untracked 
|  29|0x00000000e1d00000, 0x00000000e1d00000, 0x00000000e1e00000|  0%| F|  |TAMS 0x00000000e1d00000, 0x00000000e1d00000| Untracked 
|  30|0x00000000e1e00000, 0x00000000e1e00000, 0x00000000e1f00000|  0%| F|  |TAMS 0x00000000e1e00000, 0x00000000e1e00000| Untracked 
|  31|0x00000000e1f00000, 0x00000000e1f00000, 0x00000000e2000000|  0%| F|  |TAMS 0x00000000e1f00000, 0x00000000e1f00000| Untracked 
|  32|0x00000000e2000000, 0x00000000e2000000, 0x00000000e2100000|  0%| F|  |TAMS 0x00000000e2000000, 0x00000000e2000000| Untracked 
|  33|0x00000000e2100000, 0x00000000e2100000, 0x00000000e2200000|  0%| F|  |TAMS 0x00000000e2100000, 0x00000000e2100000| Untracked 
|  34|0x00000000e2200000, 0x00000000e2200000, 0x00000000e2300000|  0%| F|  |TAMS 0x00000000e2200000, 0x00000000e2200000| Untracked 
|  35|0x00000000e2300000, 0x00000000e2300000, 0x00000000e2400000|  0%| F|  |TAMS 0x00000000e2300000, 0x00000000e2300000| Untracked 
|  36|0x00000000e2400000, 0x00000000e2400000, 0x00000000e2500000|  0%| F|  |TAMS 0x00000000e2400000, 0x00000000e2400000| Untracked 
|  37|0x00000000e2500000, 0x00000000e2500000, 0x00000000e2600000|  0%| F|  |TAMS 0x00000000e2500000, 0x00000000e2500000| Untracked 
|  38|0x00000000e2600000, 0x00000000e2600000, 0x00000000e2700000|  0%| F|  |TAMS 0x00000000e2600000, 0x00000000e2600000| Untracked 
|  39|0x00000000e2700000, 0x00000000e2700000, 0x00000000e2800000|  0%| F|  |TAMS 0x00000000e2700000, 0x00000000e2700000| Untracked 
|  40|0x00000000e2800000, 0x00000000e2800000, 0x00000000e2900000|  0%| F|  |TAMS 0x00000000e2800000, 0x00000000e2800000| Untracked 
|  41|0x00000000e2900000, 0x00000000e2900000, 0x00000000e2a00000|  0%| F|  |TAMS 0x00000000e2900000, 0x00000000e2900000| Untracked 
|  42|0x00000000e2a00000, 0x00000000e2a00000, 0x00000000e2b00000|  0%| F|  |TAMS 0x00000000e2a00000, 0x00000000e2a00000| Untracked 
|  43|0x00000000e2b00000, 0x00000000e2b00000, 0x00000000e2c00000|  0%| F|  |TAMS 0x00000000e2b00000, 0x00000000e2b00000| Untracked 
|  44|0x00000000e2c00000, 0x00000000e2c00000, 0x00000000e2d00000|  0%| F|  |TAMS 0x00000000e2c00000, 0x00000000e2c00000| Untracked 
|  45|0x00000000e2d00000, 0x00000000e2d00000, 0x00000000e2e00000|  0%| F|  |TAMS 0x00000000e2d00000, 0x00000000e2d00000| Untracked 
|  46|0x00000000e2e00000, 0x00000000e2e00000, 0x00000000e2f00000|  0%| F|  |TAMS 0x00000000e2e00000, 0x00000000e2e00000| Untracked 
|  47|0x00000000e2f00000, 0x00000000e2f00000, 0x00000000e3000000|  0%| F|  |TAMS 0x00000000e2f00000, 0x00000000e2f00000| Untracked 
|  48|0x00000000e3000000, 0x00000000e3000000, 0x00000000e3100000|  0%| F|  |TAMS 0x00000000e3000000, 0x00000000e3000000| Untracked 
|  49|0x00000000e3100000, 0x00000000e3100000, 0x00000000e3200000|  0%| F|  |TAMS 0x00000000e3100000, 0x00000000e3100000| Untracked 
|  50|0x00000000e3200000, 0x00000000e3200000, 0x00000000e3300000|  0%| F|  |TAMS 0x00000000e3200000, 0x00000000e3200000| Untracked 
|  51|0x00000000e3300000, 0x00000000e3300000, 0x00000000e3400000|  0%| F|  |TAMS 0x00000000e3300000, 0x00000000e3300000| Untracked 
|  52|0x00000000e3400000, 0x00000000e3400000, 0x00000000e3500000|  0%| F|  |TAMS 0x00000000e3400000, 0x00000000e3400000| Untracked 
|  53|0x00000000e3500000, 0x00000000e3500000, 0x00000000e3600000|  0%| F|  |TAMS 0x00000000e3500000, 0x00000000e3500000| Untracked 
|  54|0x00000000e3600000, 0x00000000e3600000, 0x00000000e3700000|  0%| F|  |TAMS 0x00000000e3600000, 0x00000000e3600000| Untracked 
|  55|0x00000000e3700000, 0x00000000e3700000, 0x00000000e3800000|  0%| F|  |TAMS 0x00000000e3700000, 0x00000000e3700000| Untracked 
|  56|0x00000000e3800000, 0x00000000e3800000, 0x00000000e3900000|  0%| F|  |TAMS 0x00000000e3800000, 0x00000000e3800000| Untracked 
|  57|0x00000000e3900000, 0x00000000e3900000, 0x00000000e3a00000|  0%| F|  |TAMS 0x00000000e3900000, 0x00000000e3900000| Untracked 
|  58|0x00000000e3a00000, 0x00000000e3a00000, 0x00000000e3b00000|  0%| F|  |TAMS 0x00000000e3a00000, 0x00000000e3a00000| Untracked 
|  59|0x00000000e3b00000, 0x00000000e3b00000, 0x00000000e3c00000|  0%| F|  |TAMS 0x00000000e3b00000, 0x00000000e3b00000| Untracked 
|  60|0x00000000e3c00000, 0x00000000e3c00000, 0x00000000e3d00000|  0%| F|  |TAMS 0x00000000e3c00000, 0x00000000e3c00000| Untracked 
|  61|0x00000000e3d00000, 0x00000000e3d00000, 0x00000000e3e00000|  0%| F|  |TAMS 0x00000000e3d00000, 0x00000000e3d00000| Untracked 
|  62|0x00000000e3e00000, 0x00000000e3e00000, 0x00000000e3f00000|  0%| F|  |TAMS 0x00000000e3e00000, 0x00000000e3e00000| Untracked 
|  63|0x00000000e3f00000, 0x00000000e3f00000, 0x00000000e4000000|  0%| F|  |TAMS 0x00000000e3f00000, 0x00000000e3f00000| Untracked 
|  64|0x00000000e4000000, 0x00000000e4000000, 0x00000000e4100000|  0%| F|  |TAMS 0x00000000e4000000, 0x00000000e4000000| Untracked 
|  65|0x00000000e4100000, 0x00000000e4100000, 0x00000000e4200000|  0%| F|  |TAMS 0x00000000e4100000, 0x00000000e4100000| Untracked 
|  66|0x00000000e4200000, 0x00000000e4200000, 0x00000000e4300000|  0%| F|  |TAMS 0x00000000e4200000, 0x00000000e4200000| Untracked 
|  67|0x00000000e4300000, 0x00000000e4300000, 0x00000000e4400000|  0%| F|  |TAMS 0x00000000e4300000, 0x00000000e4300000| Untracked 
|  68|0x00000000e4400000, 0x00000000e4400000, 0x00000000e4500000|  0%| F|  |TAMS 0x00000000e4400000, 0x00000000e4400000| Untracked 
|  69|0x00000000e4500000, 0x00000000e4500000, 0x00000000e4600000|  0%| F|  |TAMS 0x00000000e4500000, 0x00000000e4500000| Untracked 
|  70|0x00000000e4600000, 0x00000000e4600000, 0x00000000e4700000|  0%| F|  |TAMS 0x00000000e4600000, 0x00000000e4600000| Untracked 
|  71|0x00000000e4700000, 0x00000000e4700000, 0x00000000e4800000|  0%| F|  |TAMS 0x00000000e4700000, 0x00000000e4700000| Untracked 
|  72|0x00000000e4800000, 0x00000000e4800000, 0x00000000e4900000|  0%| F|  |TAMS 0x00000000e4800000, 0x00000000e4800000| Untracked 
|  73|0x00000000e4900000, 0x00000000e4900000, 0x00000000e4a00000|  0%| F|  |TAMS 0x00000000e4900000, 0x00000000e4900000| Untracked 
|  74|0x00000000e4a00000, 0x00000000e4a00000, 0x00000000e4b00000|  0%| F|  |TAMS 0x00000000e4a00000, 0x00000000e4a00000| Untracked 
|  75|0x00000000e4b00000, 0x00000000e4b00000, 0x00000000e4c00000|  0%| F|  |TAMS 0x00000000e4b00000, 0x00000000e4b00000| Untracked 
|  76|0x00000000e4c00000, 0x00000000e4c00000, 0x00000000e4d00000|  0%| F|  |TAMS 0x00000000e4c00000, 0x00000000e4c00000| Untracked 
|  77|0x00000000e4d00000, 0x00000000e4d00000, 0x00000000e4e00000|  0%| F|  |TAMS 0x00000000e4d00000, 0x00000000e4d00000| Untracked 
|  78|0x00000000e4e00000, 0x00000000e4e00000, 0x00000000e4f00000|  0%| F|  |TAMS 0x00000000e4e00000, 0x00000000e4e00000| Untracked 
|  79|0x00000000e4f00000, 0x00000000e4f00000, 0x00000000e5000000|  0%| F|  |TAMS 0x00000000e4f00000, 0x00000000e4f00000| Untracked 
|  80|0x00000000e5000000, 0x00000000e5000000, 0x00000000e5100000|  0%| F|  |TAMS 0x00000000e5000000, 0x00000000e5000000| Untracked 
|  81|0x00000000e5100000, 0x00000000e5100000, 0x00000000e5200000|  0%| F|  |TAMS 0x00000000e5100000, 0x00000000e5100000| Untracked 
|  82|0x00000000e5200000, 0x00000000e5200000, 0x00000000e5300000|  0%| F|  |TAMS 0x00000000e5200000, 0x00000000e5200000| Untracked 
|  83|0x00000000e5300000, 0x00000000e5300000, 0x00000000e5400000|  0%| F|  |TAMS 0x00000000e5300000, 0x00000000e5300000| Untracked 
|  84|0x00000000e5400000, 0x00000000e5400000, 0x00000000e5500000|  0%| F|  |TAMS 0x00000000e5400000, 0x00000000e5400000| Untracked 
|  85|0x00000000e5500000, 0x00000000e5500000, 0x00000000e5600000|  0%| F|  |TAMS 0x00000000e5500000, 0x00000000e5500000| Untracked 
|  86|0x00000000e5600000, 0x00000000e5600000, 0x00000000e5700000|  0%| F|  |TAMS 0x00000000e5600000, 0x00000000e5600000| Untracked 
|  87|0x00000000e5700000, 0x00000000e5700000, 0x00000000e5800000|  0%| F|  |TAMS 0x00000000e5700000, 0x00000000e5700000| Untracked 
|  88|0x00000000e5800000, 0x00000000e5800000, 0x00000000e5900000|  0%| F|  |TAMS 0x00000000e5800000, 0x00000000e5800000| Untracked 
|  89|0x00000000e5900000, 0x00000000e5900000, 0x00000000e5a00000|  0%| F|  |TAMS 0x00000000e5900000, 0x00000000e5900000| Untracked 
|  90|0x00000000e5a00000, 0x00000000e5a00000, 0x00000000e5b00000|  0%| F|  |TAMS 0x00000000e5a00000, 0x00000000e5a00000| Untracked 
|  91|0x00000000e5b00000, 0x00000000e5b00000, 0x00000000e5c00000|  0%| F|  |TAMS 0x00000000e5b00000, 0x00000000e5b00000| Untracked 
|  92|0x00000000e5c00000, 0x00000000e5c00000, 0x00000000e5d00000|  0%| F|  |TAMS 0x00000000e5c00000, 0x00000000e5c00000| Untracked 
|  93|0x00000000e5d00000, 0x00000000e5d00000, 0x00000000e5e00000|  0%| F|  |TAMS 0x00000000e5d00000, 0x00000000e5d00000| Untracked 
|  94|0x00000000e5e00000, 0x00000000e5e00000, 0x00000000e5f00000|  0%| F|  |TAMS 0x00000000e5e00000, 0x00000000e5e00000| Untracked 
|  95|0x00000000e5f00000, 0x00000000e5f00000, 0x00000000e6000000|  0%| F|  |TAMS 0x00000000e5f00000, 0x00000000e5f00000| Untracked 
|  96|0x00000000e6000000, 0x00000000e6000000, 0x00000000e6100000|  0%| F|  |TAMS 0x00000000e6000000, 0x00000000e6000000| Untracked 
|  97|0x00000000e6100000, 0x00000000e6100000, 0x00000000e6200000|  0%| F|  |TAMS 0x00000000e6100000, 0x00000000e6100000| Untracked 
|  98|0x00000000e6200000, 0x00000000e6200000, 0x00000000e6300000|  0%| F|  |TAMS 0x00000000e6200000, 0x00000000e6200000| Untracked 
|  99|0x00000000e6300000, 0x00000000e6300000, 0x00000000e6400000|  0%| F|  |TAMS 0x00000000e6300000, 0x00000000e6300000| Untracked 
| 100|0x00000000e6400000, 0x00000000e6400000, 0x00000000e6500000|  0%| F|  |TAMS 0x00000000e6400000, 0x00000000e6400000| Untracked 
| 101|0x00000000e6500000, 0x00000000e6500000, 0x00000000e6600000|  0%| F|  |TAMS 0x00000000e6500000, 0x00000000e6500000| Untracked 
| 102|0x00000000e6600000, 0x00000000e6600000, 0x00000000e6700000|  0%| F|  |TAMS 0x00000000e6600000, 0x00000000e6600000| Untracked 
| 103|0x00000000e6700000, 0x00000000e6700000, 0x00000000e6800000|  0%| F|  |TAMS 0x00000000e6700000, 0x00000000e6700000| Untracked 
| 104|0x00000000e6800000, 0x00000000e6800000, 0x00000000e6900000|  0%| F|  |TAMS 0x00000000e6800000, 0x00000000e6800000| Untracked 
| 105|0x00000000e6900000, 0x00000000e6900000, 0x00000000e6a00000|  0%| F|  |TAMS 0x00000000e6900000, 0x00000000e6900000| Untracked 
| 106|0x00000000e6a00000, 0x00000000e6a00000, 0x00000000e6b00000|  0%| F|  |TAMS 0x00000000e6a00000, 0x00000000e6a00000| Untracked 
| 107|0x00000000e6b00000, 0x00000000e6b00000, 0x00000000e6c00000|  0%| F|  |TAMS 0x00000000e6b00000, 0x00000000e6b00000| Untracked 
| 108|0x00000000e6c00000, 0x00000000e6c00000, 0x00000000e6d00000|  0%| F|  |TAMS 0x00000000e6c00000, 0x00000000e6c00000| Untracked 
| 109|0x00000000e6d00000, 0x00000000e6d00000, 0x00000000e6e00000|  0%| F|  |TAMS 0x00000000e6d00000, 0x00000000e6d00000| Untracked 
| 110|0x00000000e6e00000, 0x00000000e6e00000, 0x00000000e6f00000|  0%| F|  |TAMS 0x00000000e6e00000, 0x00000000e6e00000| Untracked 
| 111|0x00000000e6f00000, 0x00000000e6f00000, 0x00000000e7000000|  0%| F|  |TAMS 0x00000000e6f00000, 0x00000000e6f00000| Untracked 
| 112|0x00000000e7000000, 0x00000000e7000000, 0x00000000e7100000|  0%| F|  |TAMS 0x00000000e7000000, 0x00000000e7000000| Untracked 
| 113|0x00000000e7100000, 0x00000000e7100000, 0x00000000e7200000|  0%| F|  |TAMS 0x00000000e7100000, 0x00000000e7100000| Untracked 
| 114|0x00000000e7200000, 0x00000000e7200000, 0x00000000e7300000|  0%| F|  |TAMS 0x00000000e7200000, 0x00000000e7200000| Untracked 
| 115|0x00000000e7300000, 0x00000000e7300000, 0x00000000e7400000|  0%| F|  |TAMS 0x00000000e7300000, 0x00000000e7300000| Untracked 
| 116|0x00000000e7400000, 0x00000000e7400000, 0x00000000e7500000|  0%| F|  |TAMS 0x00000000e7400000, 0x00000000e7400000| Untracked 
| 117|0x00000000e7500000, 0x00000000e7500000, 0x00000000e7600000|  0%| F|  |TAMS 0x00000000e7500000, 0x00000000e7500000| Untracked 
| 118|0x00000000e7600000, 0x00000000e7600000, 0x00000000e7700000|  0%| F|  |TAMS 0x00000000e7600000, 0x00000000e7600000| Untracked 
| 119|0x00000000e7700000, 0x00000000e7700000, 0x00000000e7800000|  0%| F|  |TAMS 0x00000000e7700000, 0x00000000e7700000| Untracked 
| 120|0x00000000e7800000, 0x00000000e7800000, 0x00000000e7900000|  0%| F|  |TAMS 0x00000000e7800000, 0x00000000e7800000| Untracked 
| 121|0x00000000e7900000, 0x00000000e7900000, 0x00000000e7a00000|  0%| F|  |TAMS 0x00000000e7900000, 0x00000000e7900000| Untracked 
| 122|0x00000000e7a00000, 0x00000000e7a00000, 0x00000000e7b00000|  0%| F|  |TAMS 0x00000000e7a00000, 0x00000000e7a00000| Untracked 
| 123|0x00000000e7b00000, 0x00000000e7b00000, 0x00000000e7c00000|  0%| F|  |TAMS 0x00000000e7b00000, 0x00000000e7b00000| Untracked 
| 124|0x00000000e7c00000, 0x00000000e7c00000, 0x00000000e7d00000|  0%| F|  |TAMS 0x00000000e7c00000, 0x00000000e7c00000| Untracked 
| 125|0x00000000e7d00000, 0x00000000e7d00000, 0x00000000e7e00000|  0%| F|  |TAMS 0x00000000e7d00000, 0x00000000e7d00000| Untracked 
| 126|0x00000000e7e00000, 0x00000000e7e00000, 0x00000000e7f00000|  0%| F|  |TAMS 0x00000000e7e00000, 0x00000000e7e00000| Untracked 
| 127|0x00000000e7f00000, 0x00000000e7f00000, 0x00000000e8000000|  0%| F|  |TAMS 0x00000000e7f00000, 0x00000000e7f00000| Untracked 
| 128|0x00000000e8000000, 0x00000000e8000000, 0x00000000e8100000|  0%| F|  |TAMS 0x00000000e8000000, 0x00000000e8000000| Untracked 
| 129|0x00000000e8100000, 0x00000000e8100000, 0x00000000e8200000|  0%| F|  |TAMS 0x00000000e8100000, 0x00000000e8100000| Untracked 
| 130|0x00000000e8200000, 0x00000000e8200000, 0x00000000e8300000|  0%| F|  |TAMS 0x00000000e8200000, 0x00000000e8200000| Untracked 
| 131|0x00000000e8300000, 0x00000000e8300000, 0x00000000e8400000|  0%| F|  |TAMS 0x00000000e8300000, 0x00000000e8300000| Untracked 
| 132|0x00000000e8400000, 0x00000000e8400000, 0x00000000e8500000|  0%| F|  |TAMS 0x00000000e8400000, 0x00000000e8400000| Untracked 
| 133|0x00000000e8500000, 0x00000000e8500000, 0x00000000e8600000|  0%| F|  |TAMS 0x00000000e8500000, 0x00000000e8500000| Untracked 
| 134|0x00000000e8600000, 0x00000000e8600000, 0x00000000e8700000|  0%| F|  |TAMS 0x00000000e8600000, 0x00000000e8600000| Untracked 
| 135|0x00000000e8700000, 0x00000000e8700000, 0x00000000e8800000|  0%| F|  |TAMS 0x00000000e8700000, 0x00000000e8700000| Untracked 
| 136|0x00000000e8800000, 0x00000000e8800000, 0x00000000e8900000|  0%| F|  |TAMS 0x00000000e8800000, 0x00000000e8800000| Untracked 
| 137|0x00000000e8900000, 0x00000000e8900000, 0x00000000e8a00000|  0%| F|  |TAMS 0x00000000e8900000, 0x00000000e8900000| Untracked 
| 138|0x00000000e8a00000, 0x00000000e8a00000, 0x00000000e8b00000|  0%| F|  |TAMS 0x00000000e8a00000, 0x00000000e8a00000| Untracked 
| 139|0x00000000e8b00000, 0x00000000e8b00000, 0x00000000e8c00000|  0%| F|  |TAMS 0x00000000e8b00000, 0x00000000e8b00000| Untracked 
| 140|0x00000000e8c00000, 0x00000000e8c00000, 0x00000000e8d00000|  0%| F|  |TAMS 0x00000000e8c00000, 0x00000000e8c00000| Untracked 
| 141|0x00000000e8d00000, 0x00000000e8d00000, 0x00000000e8e00000|  0%| F|  |TAMS 0x00000000e8d00000, 0x00000000e8d00000| Untracked 
| 142|0x00000000e8e00000, 0x00000000e8e00000, 0x00000000e8f00000|  0%| F|  |TAMS 0x00000000e8e00000, 0x00000000e8e00000| Untracked 
| 143|0x00000000e8f00000, 0x00000000e8f00000, 0x00000000e9000000|  0%| F|  |TAMS 0x00000000e8f00000, 0x00000000e8f00000| Untracked 
| 144|0x00000000e9000000, 0x00000000e9000000, 0x00000000e9100000|  0%| F|  |TAMS 0x00000000e9000000, 0x00000000e9000000| Untracked 
| 145|0x00000000e9100000, 0x00000000e9100000, 0x00000000e9200000|  0%| F|  |TAMS 0x00000000e9100000, 0x00000000e9100000| Untracked 
| 146|0x00000000e9200000, 0x00000000e9200000, 0x00000000e9300000|  0%| F|  |TAMS 0x00000000e9200000, 0x00000000e9200000| Untracked 
| 147|0x00000000e9300000, 0x00000000e9300000, 0x00000000e9400000|  0%| F|  |TAMS 0x00000000e9300000, 0x00000000e9300000| Untracked 
| 148|0x00000000e9400000, 0x00000000e9400000, 0x00000000e9500000|  0%| F|  |TAMS 0x00000000e9400000, 0x00000000e9400000| Untracked 
| 149|0x00000000e9500000, 0x00000000e9500000, 0x00000000e9600000|  0%| F|  |TAMS 0x00000000e9500000, 0x00000000e9500000| Untracked 
| 150|0x00000000e9600000, 0x00000000e9600000, 0x00000000e9700000|  0%| F|  |TAMS 0x00000000e9600000, 0x00000000e9600000| Untracked 
| 151|0x00000000e9700000, 0x00000000e9700000, 0x00000000e9800000|  0%| F|  |TAMS 0x00000000e9700000, 0x00000000e9700000| Untracked 
| 152|0x00000000e9800000, 0x00000000e9800000, 0x00000000e9900000|  0%| F|  |TAMS 0x00000000e9800000, 0x00000000e9800000| Untracked 
| 153|0x00000000e9900000, 0x00000000e9900000, 0x00000000e9a00000|  0%| F|  |TAMS 0x00000000e9900000, 0x00000000e9900000| Untracked 
| 154|0x00000000e9a00000, 0x00000000e9a00000, 0x00000000e9b00000|  0%| F|  |TAMS 0x00000000e9a00000, 0x00000000e9a00000| Untracked 
| 155|0x00000000e9b00000, 0x00000000e9b00000, 0x00000000e9c00000|  0%| F|  |TAMS 0x00000000e9b00000, 0x00000000e9b00000| Untracked 
| 156|0x00000000e9c00000, 0x00000000e9c00000, 0x00000000e9d00000|  0%| F|  |TAMS 0x00000000e9c00000, 0x00000000e9c00000| Untracked 
| 157|0x00000000e9d00000, 0x00000000e9d00000, 0x00000000e9e00000|  0%| F|  |TAMS 0x00000000e9d00000, 0x00000000e9d00000| Untracked 
| 158|0x00000000e9e00000, 0x00000000e9e00000, 0x00000000e9f00000|  0%| F|  |TAMS 0x00000000e9e00000, 0x00000000e9e00000| Untracked 
| 159|0x00000000e9f00000, 0x00000000e9f00000, 0x00000000ea000000|  0%| F|  |TAMS 0x00000000e9f00000, 0x00000000e9f00000| Untracked 
| 160|0x00000000ea000000, 0x00000000ea000000, 0x00000000ea100000|  0%| F|  |TAMS 0x00000000ea000000, 0x00000000ea000000| Untracked 
| 161|0x00000000ea100000, 0x00000000ea100000, 0x00000000ea200000|  0%| F|  |TAMS 0x00000000ea100000, 0x00000000ea100000| Untracked 
| 162|0x00000000ea200000, 0x00000000ea200000, 0x00000000ea300000|  0%| F|  |TAMS 0x00000000ea200000, 0x00000000ea200000| Untracked 
| 163|0x00000000ea300000, 0x00000000ea300000, 0x00000000ea400000|  0%| F|  |TAMS 0x00000000ea300000, 0x00000000ea300000| Untracked 
| 164|0x00000000ea400000, 0x00000000ea400000, 0x00000000ea500000|  0%| F|  |TAMS 0x00000000ea400000, 0x00000000ea400000| Untracked 
| 165|0x00000000ea500000, 0x00000000ea500000, 0x00000000ea600000|  0%| F|  |TAMS 0x00000000ea500000, 0x00000000ea500000| Untracked 
| 166|0x00000000ea600000, 0x00000000ea600000, 0x00000000ea700000|  0%| F|  |TAMS 0x00000000ea600000, 0x00000000ea600000| Untracked 
| 167|0x00000000ea700000, 0x00000000ea700000, 0x00000000ea800000|  0%| F|  |TAMS 0x00000000ea700000, 0x00000000ea700000| Untracked 
| 168|0x00000000ea800000, 0x00000000ea800000, 0x00000000ea900000|  0%| F|  |TAMS 0x00000000ea800000, 0x00000000ea800000| Untracked 
| 169|0x00000000ea900000, 0x00000000ea900000, 0x00000000eaa00000|  0%| F|  |TAMS 0x00000000ea900000, 0x00000000ea900000| Untracked 
| 170|0x00000000eaa00000, 0x00000000eaa00000, 0x00000000eab00000|  0%| F|  |TAMS 0x00000000eaa00000, 0x00000000eaa00000| Untracked 
| 171|0x00000000eab00000, 0x00000000eab00000, 0x00000000eac00000|  0%| F|  |TAMS 0x00000000eab00000, 0x00000000eab00000| Untracked 
| 172|0x00000000eac00000, 0x00000000eac00000, 0x00000000ead00000|  0%| F|  |TAMS 0x00000000eac00000, 0x00000000eac00000| Untracked 
| 173|0x00000000ead00000, 0x00000000ead00000, 0x00000000eae00000|  0%| F|  |TAMS 0x00000000ead00000, 0x00000000ead00000| Untracked 
| 174|0x00000000eae00000, 0x00000000eae00000, 0x00000000eaf00000|  0%| F|  |TAMS 0x00000000eae00000, 0x00000000eae00000| Untracked 
| 175|0x00000000eaf00000, 0x00000000eaf00000, 0x00000000eb000000|  0%| F|  |TAMS 0x00000000eaf00000, 0x00000000eaf00000| Untracked 
| 176|0x00000000eb000000, 0x00000000eb000000, 0x00000000eb100000|  0%| F|  |TAMS 0x00000000eb000000, 0x00000000eb000000| Untracked 
| 177|0x00000000eb100000, 0x00000000eb100000, 0x00000000eb200000|  0%| F|  |TAMS 0x00000000eb100000, 0x00000000eb100000| Untracked 
| 178|0x00000000eb200000, 0x00000000eb200000, 0x00000000eb300000|  0%| F|  |TAMS 0x00000000eb200000, 0x00000000eb200000| Untracked 
| 179|0x00000000eb300000, 0x00000000eb300000, 0x00000000eb400000|  0%| F|  |TAMS 0x00000000eb300000, 0x00000000eb300000| Untracked 
| 180|0x00000000eb400000, 0x00000000eb400000, 0x00000000eb500000|  0%| F|  |TAMS 0x00000000eb400000, 0x00000000eb400000| Untracked 
| 181|0x00000000eb500000, 0x00000000eb500000, 0x00000000eb600000|  0%| F|  |TAMS 0x00000000eb500000, 0x00000000eb500000| Untracked 
| 182|0x00000000eb600000, 0x00000000eb600000, 0x00000000eb700000|  0%| F|  |TAMS 0x00000000eb600000, 0x00000000eb600000| Untracked 
| 183|0x00000000eb700000, 0x00000000eb700000, 0x00000000eb800000|  0%| F|  |TAMS 0x00000000eb700000, 0x00000000eb700000| Untracked 
| 184|0x00000000eb800000, 0x00000000eb800000, 0x00000000eb900000|  0%| F|  |TAMS 0x00000000eb800000, 0x00000000eb800000| Untracked 
| 185|0x00000000eb900000, 0x00000000eb900000, 0x00000000eba00000|  0%| F|  |TAMS 0x00000000eb900000, 0x00000000eb900000| Untracked 
| 186|0x00000000eba00000, 0x00000000eba00000, 0x00000000ebb00000|  0%| F|  |TAMS 0x00000000eba00000, 0x00000000eba00000| Untracked 
| 187|0x00000000ebb00000, 0x00000000ebb00000, 0x00000000ebc00000|  0%| F|  |TAMS 0x00000000ebb00000, 0x00000000ebb00000| Untracked 
| 188|0x00000000ebc00000, 0x00000000ebc00000, 0x00000000ebd00000|  0%| F|  |TAMS 0x00000000ebc00000, 0x00000000ebc00000| Untracked 
| 189|0x00000000ebd00000, 0x00000000ebd00000, 0x00000000ebe00000|  0%| F|  |TAMS 0x00000000ebd00000, 0x00000000ebd00000| Untracked 
| 190|0x00000000ebe00000, 0x00000000ebe00000, 0x00000000ebf00000|  0%| F|  |TAMS 0x00000000ebe00000, 0x00000000ebe00000| Untracked 
| 191|0x00000000ebf00000, 0x00000000ebf00000, 0x00000000ec000000|  0%| F|  |TAMS 0x00000000ebf00000, 0x00000000ebf00000| Untracked 
| 192|0x00000000ec000000, 0x00000000ec000000, 0x00000000ec100000|  0%| F|  |TAMS 0x00000000ec000000, 0x00000000ec000000| Untracked 
| 193|0x00000000ec100000, 0x00000000ec100000, 0x00000000ec200000|  0%| F|  |TAMS 0x00000000ec100000, 0x00000000ec100000| Untracked 
| 194|0x00000000ec200000, 0x00000000ec200000, 0x00000000ec300000|  0%| F|  |TAMS 0x00000000ec200000, 0x00000000ec200000| Untracked 
| 195|0x00000000ec300000, 0x00000000ec300000, 0x00000000ec400000|  0%| F|  |TAMS 0x00000000ec300000, 0x00000000ec300000| Untracked 
| 196|0x00000000ec400000, 0x00000000ec400000, 0x00000000ec500000|  0%| F|  |TAMS 0x00000000ec400000, 0x00000000ec400000| Untracked 
| 197|0x00000000ec500000, 0x00000000ec500000, 0x00000000ec600000|  0%| F|  |TAMS 0x00000000ec500000, 0x00000000ec500000| Untracked 
| 198|0x00000000ec600000, 0x00000000ec600000, 0x00000000ec700000|  0%| F|  |TAMS 0x00000000ec600000, 0x00000000ec600000| Untracked 
| 199|0x00000000ec700000, 0x00000000ec700000, 0x00000000ec800000|  0%| F|  |TAMS 0x00000000ec700000, 0x00000000ec700000| Untracked 
| 200|0x00000000ec800000, 0x00000000ec800000, 0x00000000ec900000|  0%| F|  |TAMS 0x00000000ec800000, 0x00000000ec800000| Untracked 
| 201|0x00000000ec900000, 0x00000000ec900000, 0x00000000eca00000|  0%| F|  |TAMS 0x00000000ec900000, 0x00000000ec900000| Untracked 
| 202|0x00000000eca00000, 0x00000000eca00000, 0x00000000ecb00000|  0%| F|  |TAMS 0x00000000eca00000, 0x00000000eca00000| Untracked 
| 203|0x00000000ecb00000, 0x00000000ecb00000, 0x00000000ecc00000|  0%| F|  |TAMS 0x00000000ecb00000, 0x00000000ecb00000| Untracked 
| 204|0x00000000ecc00000, 0x00000000ecc00000, 0x00000000ecd00000|  0%| F|  |TAMS 0x00000000ecc00000, 0x00000000ecc00000| Untracked 
| 205|0x00000000ecd00000, 0x00000000ecd00000, 0x00000000ece00000|  0%| F|  |TAMS 0x00000000ecd00000, 0x00000000ecd00000| Untracked 
| 206|0x00000000ece00000, 0x00000000ece00000, 0x00000000ecf00000|  0%| F|  |TAMS 0x00000000ece00000, 0x00000000ece00000| Untracked 
| 207|0x00000000ecf00000, 0x00000000ecf00000, 0x00000000ed000000|  0%| F|  |TAMS 0x00000000ecf00000, 0x00000000ecf00000| Untracked 
| 208|0x00000000ed000000, 0x00000000ed000000, 0x00000000ed100000|  0%| F|  |TAMS 0x00000000ed000000, 0x00000000ed000000| Untracked 
| 209|0x00000000ed100000, 0x00000000ed100000, 0x00000000ed200000|  0%| F|  |TAMS 0x00000000ed100000, 0x00000000ed100000| Untracked 
| 210|0x00000000ed200000, 0x00000000ed200000, 0x00000000ed300000|  0%| F|  |TAMS 0x00000000ed200000, 0x00000000ed200000| Untracked 
| 211|0x00000000ed300000, 0x00000000ed300000, 0x00000000ed400000|  0%| F|  |TAMS 0x00000000ed300000, 0x00000000ed300000| Untracked 
| 212|0x00000000ed400000, 0x00000000ed400000, 0x00000000ed500000|  0%| F|  |TAMS 0x00000000ed400000, 0x00000000ed400000| Untracked 
| 213|0x00000000ed500000, 0x00000000ed500000, 0x00000000ed600000|  0%| F|  |TAMS 0x00000000ed500000, 0x00000000ed500000| Untracked 
| 214|0x00000000ed600000, 0x00000000ed600000, 0x00000000ed700000|  0%| F|  |TAMS 0x00000000ed600000, 0x00000000ed600000| Untracked 
| 215|0x00000000ed700000, 0x00000000ed700000, 0x00000000ed800000|  0%| F|  |TAMS 0x00000000ed700000, 0x00000000ed700000| Untracked 
| 216|0x00000000ed800000, 0x00000000ed800000, 0x00000000ed900000|  0%| F|  |TAMS 0x00000000ed800000, 0x00000000ed800000| Untracked 
| 217|0x00000000ed900000, 0x00000000ed900000, 0x00000000eda00000|  0%| F|  |TAMS 0x00000000ed900000, 0x00000000ed900000| Untracked 
| 218|0x00000000eda00000, 0x00000000eda00000, 0x00000000edb00000|  0%| F|  |TAMS 0x00000000eda00000, 0x00000000eda00000| Untracked 
| 219|0x00000000edb00000, 0x00000000edb00000, 0x00000000edc00000|  0%| F|  |TAMS 0x00000000edb00000, 0x00000000edb00000| Untracked 
| 220|0x00000000edc00000, 0x00000000edc00000, 0x00000000edd00000|  0%| F|  |TAMS 0x00000000edc00000, 0x00000000edc00000| Untracked 
| 221|0x00000000edd00000, 0x00000000edd00000, 0x00000000ede00000|  0%| F|  |TAMS 0x00000000edd00000, 0x00000000edd00000| Untracked 
| 222|0x00000000ede00000, 0x00000000ede00000, 0x00000000edf00000|  0%| F|  |TAMS 0x00000000ede00000, 0x00000000ede00000| Untracked 
| 223|0x00000000edf00000, 0x00000000edf00000, 0x00000000ee000000|  0%| F|  |TAMS 0x00000000edf00000, 0x00000000edf00000| Untracked 
| 224|0x00000000ee000000, 0x00000000ee000000, 0x00000000ee100000|  0%| F|  |TAMS 0x00000000ee000000, 0x00000000ee000000| Untracked 
| 225|0x00000000ee100000, 0x00000000ee100000, 0x00000000ee200000|  0%| F|  |TAMS 0x00000000ee100000, 0x00000000ee100000| Untracked 
| 226|0x00000000ee200000, 0x00000000ee200000, 0x00000000ee300000|  0%| F|  |TAMS 0x00000000ee200000, 0x00000000ee200000| Untracked 
| 227|0x00000000ee300000, 0x00000000ee300000, 0x00000000ee400000|  0%| F|  |TAMS 0x00000000ee300000, 0x00000000ee300000| Untracked 
| 228|0x00000000ee400000, 0x00000000ee400000, 0x00000000ee500000|  0%| F|  |TAMS 0x00000000ee400000, 0x00000000ee400000| Untracked 
| 229|0x00000000ee500000, 0x00000000ee500000, 0x00000000ee600000|  0%| F|  |TAMS 0x00000000ee500000, 0x00000000ee500000| Untracked 
| 230|0x00000000ee600000, 0x00000000ee600000, 0x00000000ee700000|  0%| F|  |TAMS 0x00000000ee600000, 0x00000000ee600000| Untracked 
| 231|0x00000000ee700000, 0x00000000ee74d438, 0x00000000ee800000| 30%| S|CS|TAMS 0x00000000ee700000, 0x00000000ee700000| Complete 
| 232|0x00000000ee800000, 0x00000000ee900000, 0x00000000ee900000|100%| S|CS|TAMS 0x00000000ee800000, 0x00000000ee800000| Complete 
| 233|0x00000000ee900000, 0x00000000ee900000, 0x00000000eea00000|  0%| F|  |TAMS 0x00000000ee900000, 0x00000000ee900000| Untracked 
| 234|0x00000000eea00000, 0x00000000eea00000, 0x00000000eeb00000|  0%| F|  |TAMS 0x00000000eea00000, 0x00000000eea00000| Untracked 
| 235|0x00000000eeb00000, 0x00000000eeb00000, 0x00000000eec00000|  0%| F|  |TAMS 0x00000000eeb00000, 0x00000000eeb00000| Untracked 
| 236|0x00000000eec00000, 0x00000000eec80800, 0x00000000eed00000| 50%| E|  |TAMS 0x00000000eec00000, 0x00000000eec00000| Complete 
| 237|0x00000000eed00000, 0x00000000eee00000, 0x00000000eee00000|100%| E|CS|TAMS 0x00000000eed00000, 0x00000000eed00000| Complete 
| 238|0x00000000eee00000, 0x00000000eef00000, 0x00000000eef00000|100%| E|CS|TAMS 0x00000000eee00000, 0x00000000eee00000| Complete 
| 239|0x00000000eef00000, 0x00000000ef000000, 0x00000000ef000000|100%| E|CS|TAMS 0x00000000eef00000, 0x00000000eef00000| Complete 
| 240|0x00000000ef000000, 0x00000000ef100000, 0x00000000ef100000|100%| E|CS|TAMS 0x00000000ef000000, 0x00000000ef000000| Complete 
| 241|0x00000000ef100000, 0x00000000ef200000, 0x00000000ef200000|100%| E|CS|TAMS 0x00000000ef100000, 0x00000000ef100000| Complete 
| 242|0x00000000ef200000, 0x00000000ef300000, 0x00000000ef300000|100%| E|CS|TAMS 0x00000000ef200000, 0x00000000ef200000| Complete 
| 243|0x00000000ef300000, 0x00000000ef400000, 0x00000000ef400000|100%| E|CS|TAMS 0x00000000ef300000, 0x00000000ef300000| Complete 
| 244|0x00000000ef400000, 0x00000000ef500000, 0x00000000ef500000|100%| E|CS|TAMS 0x00000000ef400000, 0x00000000ef400000| Complete 
| 245|0x00000000ef500000, 0x00000000ef600000, 0x00000000ef600000|100%| E|CS|TAMS 0x00000000ef500000, 0x00000000ef500000| Complete 
| 246|0x00000000ef600000, 0x00000000ef700000, 0x00000000ef700000|100%| E|CS|TAMS 0x00000000ef600000, 0x00000000ef600000| Complete 
| 247|0x00000000ef700000, 0x00000000ef800000, 0x00000000ef800000|100%| E|CS|TAMS 0x00000000ef700000, 0x00000000ef700000| Complete 
| 248|0x00000000ef800000, 0x00000000ef900000, 0x00000000ef900000|100%| E|CS|TAMS 0x00000000ef800000, 0x00000000ef800000| Complete 
| 249|0x00000000ef900000, 0x00000000efa00000, 0x00000000efa00000|100%| E|CS|TAMS 0x00000000ef900000, 0x00000000ef900000| Complete 
| 250|0x00000000efa00000, 0x00000000efb00000, 0x00000000efb00000|100%| E|CS|TAMS 0x00000000efa00000, 0x00000000efa00000| Complete 
| 251|0x00000000efb00000, 0x00000000efc00000, 0x00000000efc00000|100%| E|CS|TAMS 0x00000000efb00000, 0x00000000efb00000| Complete 
| 252|0x00000000efc00000, 0x00000000efd00000, 0x00000000efd00000|100%| E|CS|TAMS 0x00000000efc00000, 0x00000000efc00000| Complete 
| 253|0x00000000efd00000, 0x00000000efe00000, 0x00000000efe00000|100%| E|CS|TAMS 0x00000000efd00000, 0x00000000efd00000| Complete 

Card table byte_map: [0x00000274d3380000,0x00000274d3480000] _byte_map_base: 0x00000274d2c80000

Marking Bits (Prev, Next): (CMBitMap*) 0x00000274bb85c658, (CMBitMap*) 0x00000274bb85c690
 Prev Bits: [0x00000274d3580000, 0x00000274d3d80000)
 Next Bits: [0x00000274d3d80000, 0x00000274d4580000)

Polling page: 0x00000274b97b0000

Metaspace:

Usage:
  Non-class:     17.66 MB capacity,    17.19 MB ( 97%) used,   406.68 KB (  2%) free+waste,    66.06 KB ( <1%) overhead. 
      Class:      2.52 MB capacity,     2.27 MB ( 90%) used,   226.95 KB (  9%) free+waste,    32.06 KB (  1%) overhead. 
       Both:     20.18 MB capacity,    19.46 MB ( 96%) used,   633.63 KB (  3%) free+waste,    98.13 KB ( <1%) overhead. 

Virtual space:
  Non-class space:       18.00 MB reserved,      17.75 MB ( 99%) committed 
      Class space:        1.00 GB reserved,       2.63 MB ( <1%) committed 
             Both:        1.02 GB reserved,      20.38 MB (  2%) committed 

Chunk freelists:
   Non-Class:  33.00 KB
       Class:  9.00 KB
        Both:  42.00 KB

MaxMetaspaceSize: 17179869184.00 GB
CompressedClassSpaceSize: 1.00 GB
Initial GC threshold: 20.80 MB
Current GC threshold: 20.80 MB
CDS: off

CodeHeap 'non-profiled nmethods': size=120000Kb used=735Kb max_used=735Kb free=119264Kb
 bounds [0x00000274cba20000, 0x00000274cbc90000, 0x00000274d2f50000]
CodeHeap 'profiled nmethods': size=120000Kb used=3448Kb max_used=3448Kb free=116551Kb
 bounds [0x00000274c44f0000, 0x00000274c4850000, 0x00000274cba20000]
CodeHeap 'non-nmethods': size=5760Kb used=1271Kb max_used=1293Kb free=4488Kb
 bounds [0x00000274c3f50000, 0x00000274c41c0000, 0x00000274c44f0000]
 total_blobs=2234 nmethods=1803 adapters=351
 compilation: enabled
              stopped_count=0, restarted_count=0
 full_count=0

Compilation events (20 events):
Event: 4.106 Thread 0x00000274d78be800 nmethod 1783 0x00000274cbacfb90 code [0x00000274cbacfd40, 0x00000274cbacfe38]
Event: 4.106 Thread 0x00000274d78be800 1784       1       org.apache.logging.log4j.core.config.plugins.processor.PluginEntry::setPrintable (6 bytes)
Event: 4.106 Thread 0x00000274d78be800 nmethod 1784 0x00000274cbacfe90 code [0x00000274cbad0040, 0x00000274cbad00f8]
Event: 4.106 Thread 0x00000274d78be800 1785       1       org.apache.logging.log4j.core.config.plugins.processor.PluginEntry::setDefer (6 bytes)
Event: 4.106 Thread 0x00000274d78be800 nmethod 1785 0x00000274cbad0190 code [0x00000274cbad0340, 0x00000274cbad03f8]
Event: 4.106 Thread 0x00000274d78be800 1786       1       org.apache.logging.log4j.core.config.plugins.processor.PluginEntry::setCategory (6 bytes)
Event: 4.106 Thread 0x00000274d78be800 nmethod 1786 0x00000274cbad0490 code [0x00000274cbad0640, 0x00000274cbad0738]
Event: 4.106 Thread 0x00000274d78be800 1787       3       java.io.DataInputStream::readUTF (501 bytes)
Event: 4.107 Thread 0x00000274d78be800 nmethod 1787 0x00000274c4844210 code [0x00000274c4844720, 0x00000274c4846f58]
Event: 4.109 Thread 0x00000274d78b3800 1788       4       java.lang.AbstractStringBuilder::append (55 bytes)
Event: 4.112 Thread 0x00000274d78be800 1790       3       java.util.TreeMap::successor (66 bytes)
Event: 4.112 Thread 0x00000274d78be800 nmethod 1790 0x00000274c4847f10 code [0x00000274c48480e0, 0x00000274c4848418]
Event: 4.112 Thread 0x00000274d78be800 1789       3       java.util.TreeMap$PrivateEntryIterator::nextEntry (54 bytes)
Event: 4.112 Thread 0x00000274d78be800 nmethod 1789 0x00000274c4848590 code [0x00000274c48487a0, 0x00000274c4848bc8]
Event: 4.115 Thread 0x00000274d78be800 1792       3       java.util.jar.JarFile$JarFileEntry::getRealName (5 bytes)
Event: 4.115 Thread 0x00000274d78be800 nmethod 1792 0x00000274c4848d90 code [0x00000274c4848f40, 0x00000274c4849058]
Event: 4.117 Thread 0x00000274d78b3800 nmethod 1788 0x00000274cbad0790 code [0x00000274cbad0960, 0x00000274cbad1248]
Event: 4.117 Thread 0x00000274d78b3800 1791       4       java.lang.String::hashCode (49 bytes)
Event: 4.121 Thread 0x00000274d78b3800 nmethod 1791 0x00000274cbad1690 code [0x00000274cbad1840, 0x00000274cbad1aa8]
Event: 4.121 Thread 0x00000274d78b3800 1793   !   4       java.net.URL::<init> (543 bytes)

GC Heap History (4 events):
Event: 0.774 GC heap before
{Heap before GC invocations=0 (full 0):
 garbage-first heap   total 260096K, used 23552K [0x00000000e0000000, 0x0000000100000000)
  region size 1024K, 24 young (24576K), 0 survivors (0K)
 Metaspace       used 14179K, capacity 14526K, committed 14720K, reserved 1062912K
  class space    used 1507K, capacity 1643K, committed 1664K, reserved 1048576K
}
Event: 0.777 GC heap after
{Heap after GC invocations=1 (full 0):
 garbage-first heap   total 260096K, used 6702K [0x00000000e0000000, 0x0000000100000000)
  region size 1024K, 3 young (3072K), 3 survivors (3072K)
 Metaspace       used 14179K, capacity 14526K, committed 14720K, reserved 1062912K
  class space    used 1507K, capacity 1643K, committed 1664K, reserved 1048576K
}
Event: 4.011 GC heap before
{Heap before GC invocations=1 (full 0):
 garbage-first heap   total 260096K, used 28206K [0x00000000e0000000, 0x0000000100000000)
  region size 1024K, 24 young (24576K), 3 survivors (3072K)
 Metaspace       used 17831K, capacity 18559K, committed 18688K, reserved 1064960K
  class space    used 2010K, capacity 2263K, committed 2304K, reserved 1048576K
}
Event: 4.014 GC heap after
{Heap after GC invocations=2 (full 0):
 garbage-first heap   total 260096K, used 7919K [0x00000000e0000000, 0x0000000100000000)
  region size 1024K, 2 young (2048K), 2 survivors (2048K)
 Metaspace       used 17831K, capacity 18559K, committed 18688K, reserved 1064960K
  class space    used 2010K, capacity 2263K, committed 2304K, reserved 1048576K
}

Deoptimization events (20 events):
Event: 4.093 Thread 0x00000274d82ae800 DEOPT PACKING pc=0x00000274c46f1a8c sp=0x000000968e7f86a0
Event: 4.093 Thread 0x00000274d82ae800 DEOPT UNPACKING pc=0x00000274c3f99d0e sp=0x000000968e7f7b38 mode 1
Event: 4.093 Thread 0x00000274d82ae800 DEOPT PACKING pc=0x00000274c4558454 sp=0x000000968e7f8770
Event: 4.093 Thread 0x00000274d82ae800 DEOPT UNPACKING pc=0x00000274c3f99d0e sp=0x000000968e7f7c28 mode 1
Event: 4.094 Thread 0x00000274d82ae800 DEOPT PACKING pc=0x00000274c46f1a8c sp=0x000000968e7f9160
Event: 4.094 Thread 0x00000274d82ae800 DEOPT UNPACKING pc=0x00000274c3f99d0e sp=0x000000968e7f85f8 mode 1
Event: 4.094 Thread 0x00000274d82ae800 DEOPT PACKING pc=0x00000274c4558454 sp=0x000000968e7f9230
Event: 4.094 Thread 0x00000274d82ae800 DEOPT UNPACKING pc=0x00000274c3f99d0e sp=0x000000968e7f86e8 mode 1
Event: 4.094 Thread 0x00000274d82ae800 DEOPT PACKING pc=0x00000274c46f1a8c sp=0x000000968e7f86a0
Event: 4.094 Thread 0x00000274d82ae800 DEOPT UNPACKING pc=0x00000274c3f99d0e sp=0x000000968e7f7b38 mode 1
Event: 4.094 Thread 0x00000274d82ae800 DEOPT PACKING pc=0x00000274c4558454 sp=0x000000968e7f8770
Event: 4.094 Thread 0x00000274d82ae800 DEOPT UNPACKING pc=0x00000274c3f99d0e sp=0x000000968e7f7c28 mode 1
Event: 4.106 Thread 0x00000274d82ae800 Uncommon trap: trap_request=0xffffffde fr.pc=0x00000274cbaaf9d0 relative=0x0000000000001550
Event: 4.106 Thread 0x00000274d82ae800 Uncommon trap: reason=class_check action=maybe_recompile pc=0x00000274cbaaf9d0 method=java.io.BufferedInputStream.read([BII)I @ 101 c2
Event: 4.106 Thread 0x00000274d82ae800 DEOPT PACKING pc=0x00000274cbaaf9d0 sp=0x000000968e7f8cc0
Event: 4.106 Thread 0x00000274d82ae800 DEOPT UNPACKING pc=0x00000274c3f585af sp=0x000000968e7f8ba0 mode 2
Event: 4.106 Thread 0x00000274d82ae800 Uncommon trap: trap_request=0xffffff4d fr.pc=0x00000274cbaaf804 relative=0x0000000000001384
Event: 4.106 Thread 0x00000274d82ae800 Uncommon trap: reason=unstable_if action=reinterpret pc=0x00000274cbaaf804 method=java.io.DataInputStream.readUTF(Ljava/io/DataInput;)Ljava/lang/String; @ 31 c2
Event: 4.106 Thread 0x00000274d82ae800 DEOPT PACKING pc=0x00000274cbaaf804 sp=0x000000968e7f8cc0
Event: 4.106 Thread 0x00000274d82ae800 DEOPT UNPACKING pc=0x00000274c3f585af sp=0x000000968e7f8cc0 mode 2

Classes redefined (0 events):
No events

Internal exceptions (20 events):
Event: 3.821 Thread 0x00000274d82ae800 Exception <a 'java/lang/NoSuchMethodError'{0x00000000ef4c1af8}: 'void java.lang.invoke.DirectMethodHandle$Holder.invokeStatic(java.lang.Object, java.lang.Object, java.lang.Object, java.lang.Object)'> (0x00000000ef4c1af8) thrown at [./src/hotspot/share/interpreter/linkResolver.cpp, line 773]
Event: 3.831 Thread 0x00000274d82ae800 Exception <a 'java/lang/NoSuchMethodError'{0x00000000ef341828}: 'int java.lang.invoke.DirectMethodHandle$Holder.invokeStatic(java.lang.Object, java.lang.Object, java.lang.Object, java.lang.Object, java.lang.Object)'> (0x00000000ef341828) thrown at [./src/hotspot/share/interpreter/linkResolver.cpp, line 773]
Event: 3.846 Thread 0x00000274d82ae800 Exception <a 'java/lang/NoSuchMethodError'{0x00000000ef3cb650}: 'void java.lang.invoke.DirectMethodHandle$Holder.invokeSpecial(java.lang.Object, java.lang.Object)'> (0x00000000ef3cb650) thrown at [./src/hotspot/share/interpreter/linkResolver.cpp, line 773]
Event: 3.867 Thread 0x00000274d82ae800 Exception <a 'java/lang/NoSuchMethodError'{0x00000000ef2bc038}: 'int java.lang.invoke.DirectMethodHandle$Holder.invokeStaticInit(java.lang.Object, java.lang.Object, java.lang.Object)'> (0x00000000ef2bc038) thrown at [./src/hotspot/share/interpreter/linkResolver.cpp, line 773]
Event: 3.900 Thread 0x00000274d82ae800 Exception <a 'java/lang/NoSuchMethodError'{0x00000000eef256a0}: 'java.lang.Object java.lang.invoke.DirectMethodHandle$Holder.invokeVirtual(java.lang.Object, java.lang.Object, java.lang.Object)'> (0x00000000eef256a0) thrown at [./src/hotspot/share/interpreter/linkResolver.cpp, line 773]
Event: 3.902 Thread 0x00000274d82ae800 Exception <a 'java/lang/NoSuchMethodError'{0x00000000eef31758}: 'java.lang.Object java.lang.invoke.DirectMethodHandle$Holder.invokeInterface(java.lang.Object, java.lang.Object, java.lang.Object)'> (0x00000000eef31758) thrown at [./src/hotspot/share/interpreter/linkResolver.cpp, line 773]
Event: 3.909 Thread 0x00000274d82ae800 Exception <a 'java/lang/NoSuchMethodError'{0x00000000eef60b10}: 'void java.lang.invoke.DirectMethodHandle$Holder.invokeStatic(java.lang.Object, java.lang.Object, java.lang.Object, java.lang.Object, java.lang.Object)'> (0x00000000eef60b10) thrown at [./src/hotspot/share/interpreter/linkResolver.cpp, line 773]
Event: 3.910 Thread 0x00000274d82ae800 Exception <a 'java/lang/NoSuchMethodError'{0x00000000eef6f360}: 'java.lang.Object java.lang.invoke.Invokers$Holder.linkToTargetMethod(java.lang.Object, java.lang.Object, java.lang.Object, java.lang.Object, java.lang.Object, java.lang.Object, java.lang.Object)'> (0x00000000eef6f360) thrown at [./src/hotspot/share/interpreter/linkResolver.cpp, line 773]
Event: 3.911 Thread 0x00000274d82ae800 Exception <a 'java/lang/NoSuchMethodError'{0x00000000eef79ed0}: 'java.lang.Object java.lang.invoke.DirectMethodHandle$Holder.invokeInterface(java.lang.Object, java.lang.Object, java.lang.Object, java.lang.Object, java.lang.Object)'> (0x00000000eef79ed0) thrown at [./src/hotspot/share/interpreter/linkResolver.cpp, line 773]
Event: 3.911 Thread 0x00000274d82ae800 Exception <a 'java/lang/IncompatibleClassChangeError'{0x00000000eef7d628}: Found class java.lang.Object, but interface was expected> (0x00000000eef7d628) thrown at [./src/hotspot/share/interpreter/linkResolver.cpp, line 839]
Event: 3.925 Thread 0x00000274d82ae800 Exception <a 'java/lang/IncompatibleClassChangeError'{0x00000000eefd6b90}: Found class java.lang.Object, but interface was expected> (0x00000000eefd6b90) thrown at [./src/hotspot/share/interpreter/linkResolver.cpp, line 839]
Event: 4.018 Thread 0x00000274d82ae800 Exception <a 'java/security/PrivilegedActionException'{0x00000000efc38500}> (0x00000000efc38500) thrown at [./src/hotspot/share/prims/jvm.cpp, line 1306]
Event: 4.018 Thread 0x00000274d82ae800 Exception <a 'java/security/PrivilegedActionException'{0x00000000efc38fc8}> (0x00000000efc38fc8) thrown at [./src/hotspot/share/prims/jvm.cpp, line 1306]
Event: 4.019 Thread 0x00000274d82ae800 Exception <a 'java/security/PrivilegedActionException'{0x00000000efc42080}> (0x00000000efc42080) thrown at [./src/hotspot/share/prims/jvm.cpp, line 1306]
Event: 4.019 Thread 0x00000274d82ae800 Exception <a 'java/security/PrivilegedActionException'{0x00000000efc42b48}> (0x00000000efc42b48) thrown at [./src/hotspot/share/prims/jvm.cpp, line 1306]
Event: 4.019 Thread 0x00000274d82ae800 Exception <a 'java/security/PrivilegedActionException'{0x00000000efc48650}> (0x00000000efc48650) thrown at [./src/hotspot/share/prims/jvm.cpp, line 1306]
Event: 4.019 Thread 0x00000274d82ae800 Exception <a 'java/security/PrivilegedActionException'{0x00000000efc49118}> (0x00000000efc49118) thrown at [./src/hotspot/share/prims/jvm.cpp, line 1306]
Event: 4.052 Thread 0x00000274d82ae800 Exception <a 'java/lang/NoSuchMethodError'{0x00000000efa42fe0}: 'void java.lang.invoke.DirectMethodHandle$Holder.invokeStatic(java.lang.Object, java.lang.Object, java.lang.Object, java.lang.Object, java.lang.Object, java.lang.Object)'> (0x00000000efa42fe0) thrown at [./src/hotspot/share/interpreter/linkResolver.cpp, line 773]
Event: 4.066 Thread 0x00000274d82ae800 Exception <a 'java/lang/NoSuchMethodError'{0x00000000ef93a150}: 'void java.lang.invoke.DirectMethodHandle$Holder.invokeStaticInit(java.lang.Object, java.lang.Object, java.lang.Object, java.lang.Object)'> (0x00000000ef93a150) thrown at [./src/hotspot/share/interpreter/linkResolver.cpp, line 773]
Event: 4.104 Thread 0x00000274d82ae800 Exception <a 'java/lang/NoSuchMethodError'{0x00000000ef4f1bd8}: 'java.lang.Object java.lang.invoke.Invokers$Holder.linkToTargetMethod(java.lang.Object, java.lang.Object, int, int, java.lang.Object, java.lang.Object)'> (0x00000000ef4f1bd8) thrown at [./src/hotspot/share/interpreter/linkResolver.cpp, line 773]

Events (20 events):
Event: 4.134 loading class org/apache/logging/log4j/core/filter/CompositeFilter
Event: 4.134 loading class org/apache/logging/log4j/core/filter/CompositeFilter done
Event: 4.134 loading class org/apache/logging/log4j/core/layout/GelfLayout
Event: 4.134 loading class org/apache/logging/log4j/core/layout/GelfLayout done
Event: 4.135 loading class org/apache/logging/log4j/core/layout/HtmlLayout
Event: 4.135 loading class org/apache/logging/log4j/core/layout/HtmlLayout done
Event: 4.135 loading class org/apache/logging/log4j/core/appender/HttpAppender
Event: 4.135 loading class org/apache/logging/log4j/core/appender/HttpAppender done
Event: 4.136 loading class org/apache/logging/log4j/core/appender/routing/IdlePurgePolicy
Event: 4.136 loading class org/apache/logging/log4j/core/appender/routing/IdlePurgePolicy done
Event: 4.136 loading class org/apache/logging/log4j/core/appender/routing/PurgePolicy
Event: 4.136 loading class org/apache/logging/log4j/core/appender/routing/PurgePolicy done
Event: 4.136 loading class org/apache/logging/log4j/core/appender/rolling/action/IfAccumulatedFileCount
Event: 4.136 loading class org/apache/logging/log4j/core/appender/rolling/action/IfAccumulatedFileCount done
Event: 4.136 loading class org/apache/logging/log4j/core/appender/rolling/action/PathCondition
Event: 4.136 loading class org/apache/logging/log4j/core/appender/rolling/action/PathCondition done
Event: 4.136 loading class org/apache/logging/log4j/core/appender/rolling/action/IfAccumulatedFileSize
Event: 4.136 loading class org/apache/logging/log4j/core/appender/rolling/action/IfAccumulatedFileSize done
Event: 4.137 loading class org/apache/logging/log4j/core/appender/rolling/action/IfAll
Event: 4.137 loading class org/apache/logging/log4j/core/appender/rolling/action/IfAll done


Dynamic libraries:
0x00007ff6e1f80000 - 0x00007ff6e1f8d000 	D:\env\java\jdk11.0.12\bin\java.exe
0x00007ff9da6f0000 - 0x00007ff9da8e7000 	C:\Windows\SYSTEM32\ntdll.dll
0x00007ff9d9760000 - 0x00007ff9d981d000 	C:\Windows\System32\KERNEL32.DLL
0x00007ff9d7ef0000 - 0x00007ff9d81bd000 	C:\Windows\System32\KERNELBASE.dll
0x00007ff9d8230000 - 0x00007ff9d8330000 	C:\Windows\System32\ucrtbase.dll
0x00007ff9d2c20000 - 0x00007ff9d2c37000 	D:\env\java\jdk11.0.12\bin\jli.dll
0x00007ff9d1500000 - 0x00007ff9d1515000 	D:\env\java\jdk11.0.12\bin\VCRUNTIME140.dll
0x00007ff9d8a30000 - 0x00007ff9d8bd0000 	C:\Windows\System32\USER32.dll
0x00007ff9d8720000 - 0x00007ff9d8742000 	C:\Windows\System32\win32u.dll
0x00007ff9d8e30000 - 0x00007ff9d8e5a000 	C:\Windows\System32\GDI32.dll
0x00007ff9c7e80000 - 0x00007ff9c811a000 	C:\Windows\WinSxS\amd64_microsoft.windows.common-controls_6595b64144ccf1df_6.0.19041.1110_none_60b5254171f9507e\COMCTL32.dll
0x00007ff9d8330000 - 0x00007ff9d843b000 	C:\Windows\System32\gdi32full.dll
0x00007ff9da250000 - 0x00007ff9da2ee000 	C:\Windows\System32\msvcrt.dll
0x00007ff9d8520000 - 0x00007ff9d85bd000 	C:\Windows\System32\msvcp_win.dll
0x00007ff9d9730000 - 0x00007ff9d9760000 	C:\Windows\System32\IMM32.DLL
0x00007ff9ad860000 - 0x00007ff9ad8fb000 	D:\env\java\jdk11.0.12\bin\msvcp140.dll
0x00007ff99af20000 - 0x00007ff99ba79000 	D:\env\java\jdk11.0.12\bin\server\jvm.dll
0x00007ff9d8c80000 - 0x00007ff9d8d2e000 	C:\Windows\System32\ADVAPI32.dll
0x00007ff9d8d30000 - 0x00007ff9d8dcc000 	C:\Windows\System32\sechost.dll
0x00007ff9d8760000 - 0x00007ff9d8885000 	C:\Windows\System32\RPCRT4.dll
0x00007ff9d8750000 - 0x00007ff9d8758000 	C:\Windows\System32\PSAPI.DLL
0x00007ff9d2ac0000 - 0x00007ff9d2ac9000 	C:\Windows\SYSTEM32\WSOCK32.dll
0x00007ff9d1490000 - 0x00007ff9d149a000 	C:\Windows\SYSTEM32\VERSION.dll
0x00007ff9c8a30000 - 0x00007ff9c8a57000 	C:\Windows\SYSTEM32\WINMM.dll
0x00007ff9da1e0000 - 0x00007ff9da24b000 	C:\Windows\System32\WS2_32.dll
0x00007ff9d5cf0000 - 0x00007ff9d5d02000 	C:\Windows\SYSTEM32\kernel.appcore.dll
0x00007ff9d5770000 - 0x00007ff9d5780000 	D:\env\java\jdk11.0.12\bin\verify.dll
0x00007ff9d5380000 - 0x00007ff9d5564000 	C:\Windows\SYSTEM32\DBGHELP.DLL
0x00007ff9d0660000 - 0x00007ff9d068c000 	C:\Windows\SYSTEM32\dbgcore.DLL
0x00007ff9d7e10000 - 0x00007ff9d7e92000 	C:\Windows\System32\bcryptPrimitives.dll
0x00007ff9c0850000 - 0x00007ff9c0878000 	D:\env\java\jdk11.0.12\bin\java.dll
0x00007ff9d5660000 - 0x00007ff9d566a000 	D:\env\java\jdk11.0.12\bin\jimage.dll
0x00007ff9b85c0000 - 0x00007ff9b85f8000 	D:\env\java\jdk11.0.12\bin\jdwp.dll
0x00007ff9d14d0000 - 0x00007ff9d14e7000 	D:\env\java\jdk11.0.12\bin\zip.dll
0x00007ff9d8f60000 - 0x00007ff9d96a4000 	C:\Windows\System32\SHELL32.dll
0x00007ff9d5f10000 - 0x00007ff9d66a4000 	C:\Windows\SYSTEM32\windows.storage.dll
0x00007ff9da350000 - 0x00007ff9da6a4000 	C:\Windows\System32\combase.dll
0x00007ff9d7870000 - 0x00007ff9d789c000 	C:\Windows\SYSTEM32\Wldp.dll
0x00007ff9d9840000 - 0x00007ff9d98ed000 	C:\Windows\System32\SHCORE.dll
0x00007ff9da2f0000 - 0x00007ff9da345000 	C:\Windows\System32\shlwapi.dll
0x00007ff9d7d50000 - 0x00007ff9d7d6f000 	C:\Windows\SYSTEM32\profapi.dll
0x00007ff9c7dc0000 - 0x00007ff9c7dca000 	D:\env\java\jdk11.0.12\bin\dt_socket.dll
0x00007ff9d75d0000 - 0x00007ff9d763a000 	C:\Windows\system32\mswsock.dll
0x00007ff9c6e00000 - 0x00007ff9c6e19000 	D:\env\java\jdk11.0.12\bin\net.dll
0x00007ff9d3380000 - 0x00007ff9d348a000 	C:\Windows\SYSTEM32\WINHTTP.dll
0x00007ff9beaa0000 - 0x00007ff9beab2000 	D:\env\java\jdk11.0.12\bin\nio.dll
0x00007ff9d77c0000 - 0x00007ff9d77d8000 	C:\Windows\SYSTEM32\CRYPTSP.dll
0x00007ff9d6ee0000 - 0x00007ff9d6f14000 	C:\Windows\system32\rsaenh.dll
0x00007ff9d84f0000 - 0x00007ff9d8517000 	C:\Windows\System32\bcrypt.dll
0x00007ff9d7d10000 - 0x00007ff9d7d3e000 	C:\Windows\SYSTEM32\USERENV.dll
0x00007ff9d77e0000 - 0x00007ff9d77ec000 	C:\Windows\SYSTEM32\CRYPTBASE.dll
0x00007ff9d7250000 - 0x00007ff9d728b000 	C:\Windows\SYSTEM32\IPHLPAPI.DLL
0x00007ff9d8ec0000 - 0x00007ff9d8ec8000 	C:\Windows\System32\NSI.dll
0x00007ff9d0830000 - 0x00007ff9d0847000 	C:\Windows\SYSTEM32\dhcpcsvc6.DLL
0x00007ff9d1210000 - 0x00007ff9d122d000 	C:\Windows\SYSTEM32\dhcpcsvc.DLL
0x00007ff9d7300000 - 0x00007ff9d73cb000 	C:\Windows\SYSTEM32\DNSAPI.dll
0x00007ff9d2c50000 - 0x00007ff9d2c59000 	D:\env\java\jdk11.0.12\bin\management.dll
0x00007ff9d2ad0000 - 0x00007ff9d2adb000 	D:\env\java\jdk11.0.12\bin\management_ext.dll

dbghelp: loaded successfully - version: 4.0.5 - missing functions: none
symbol engine: initialized successfully - sym options: 0x614 - pdb path: .;D:\env\java\jdk11.0.12\bin;C:\Windows\SYSTEM32;C:\Windows\WinSxS\amd64_microsoft.windows.common-controls_6595b64144ccf1df_6.0.19041.1110_none_60b5254171f9507e;D:\env\java\jdk11.0.12\bin\server

VM Arguments:
jvm_args: -Dio.netty.leakDetection.level=paranoid -Djava.awt.headless=true -Dorg.gradle.native=false -DtestGroups -agentlib:jdwp=transport=dt_socket,server=n,suspend=y,address=127.0.0.1:2835 -Xmx512m -Dfile.encoding=UTF-8 -Duser.country=CN -Duser.language=zh -Duser.variant -ea 
java_command: worker.org.gradle.process.internal.worker.GradleWorkerMain 'Gradle Test Executor 6'
java_class_path (initial): D:\\env\\repository\\gradle\\caches\\6.8.3\\workerMain\\gradle-worker.jar;D:\\1.code\\100.opensource\\spring-framework\\spring-beans\\build\\classes\\java\\test;D:\\1.code\\100.opensource\\spring-framework\\spring-beans\\build\\classes\\groovy\\test;D:\\1.code\\100.opensource\\spring-framework\\spring-beans\\build\\classes\\kotlin\\test;D:\\1.code\\100.opensource\\spring-framework\\spring-beans\\build\\resources\\test;D:\\1.code\\100.opensource\\spring-framework\\spring-beans\\build\\libs\\spring-beans-5.3.9-test-fixtures.jar;D:\\1.code\\100.opensource\\spring-framework\\spring-beans\\build\\libs\\spring-beans-5.3.9.jar;D:\\1.code\\100.opensource\\spring-framework\\spring-core\\build\\libs\\spring-core-5.3.9.jar;D:\\1.code\\100.opensource\\spring-framework\\spring-core\\build\\libs\\spring-cglib-repack-3.3.0.jar;D:\\1.code\\100.opensource\\spring-framework\\spring-core\\build\\libs\\spring-objenesis-repack-3.2.jar;D:\\1.code\\100.opensource\\spring-framework\\spring-core\\build\\libs\\spring-core-5.3.9-test-fixtures.jar;D:\\env\\repository\\gradle\\caches\\modules-2\\files-2.1\\org.junit.platform\\junit-platform-launcher\\1.7.2\\9bcb72e95d291c9ff45c3f8c0a054abc764b4205\\junit-platform-launcher-1.7.2.jar;D:\\env\\repository\\gradle\\caches\\modules-2\\files-2.1\\org.junit.jupiter\\junit-jupiter-engine\\5.7.2\\9415680a889f00b8205a094c5c487bc69dc7077d\\junit-jupiter-engine-5.7.2.jar;D:\\env\\repository\\gradle\\caches\\modules-2\\files-2.1\\org.junit.platform\\junit-platform-engine\\1.7.2\\2573770b46b8a199ed5f6b0f96fb99e468bfe891\\junit-platform-engine-1.7.2.jar;D:\\env\\repository\\gradle\\caches\\modules-2\\files-2.1\\org.junit.platform\\junit-platform-commons\\1.7.2\\34adfea6c13fc4a996cf38cdad80800ce850d198\\junit-platform-commons-1.7.2.jar;D:\\env\\repository\\gradle\\caches\\modules-2\\files-2.1\\org.junit.jupiter\\junit-jupiter-params\\5.7.2\\685f832f8c54dd40100f646d61aca88ed9545421\\junit-jupiter-params-5.7.2.jar;D:\\env\\repository\
Launcher Type: SUN_STANDARD

[Global flags]
     intx CICompilerCount                          = 4                                         {product} {ergonomic}
     uint ConcGCThreads                            = 2                                         {product} {ergonomic}
     uint G1ConcRefinementThreads                  = 8                                         {product} {ergonomic}
   size_t G1HeapRegionSize                         = 1048576                                   {product} {ergonomic}
    uintx GCDrainStackTargetSize                   = 64                                        {product} {ergonomic}
   size_t InitialHeapSize                          = 266338304                                 {product} {ergonomic}
   size_t MarkStackSize                            = 4194304                                   {product} {ergonomic}
   size_t MaxHeapSize                              = 536870912                                 {product} {command line}
   size_t MaxNewSize                               = 321912832                                 {product} {ergonomic}
   size_t MinHeapDeltaBytes                        = 1048576                                   {product} {ergonomic}
    uintx NonNMethodCodeHeapSize                   = 5836300                                {pd product} {ergonomic}
    uintx NonProfiledCodeHeapSize                  = 122910970                              {pd product} {ergonomic}
    uintx ProfiledCodeHeapSize                     = 122910970                              {pd product} {ergonomic}
    uintx ReservedCodeCacheSize                    = 251658240                              {pd product} {ergonomic}
     bool SegmentedCodeCache                       = true                                      {product} {ergonomic}
     bool UseCompressedClassPointers               = true                                 {lp64_product} {ergonomic}
     bool UseCompressedOops                        = true                                 {lp64_product} {ergonomic}
     bool UseG1GC                                  = true                                      {product} {ergonomic}
     bool UseLargePagesIndividualAllocation        = false                                  {pd product} {ergonomic}

Logging:
Log output configuration:
 #0: stdout all=warning uptime,level,tags
 #1: stderr all=off uptime,level,tags

Environment Variables:
JAVA_HOME=D:\env\java\jdk1.8.0_91
CLASSPATH=D:\env\java\jdk1.8.0_91\lib
PATH=C:\Python39\Scripts\;C:\Python39\;C:\Windows\system32;C:\Windows;C:\Windows\System32\Wbem;C:\Windows\System32\WindowsPowerShell\v1.0\;C:\Windows\System32\OpenSSH\;D:\env\java\jdk1.8.0_91\bin;D:\env\apache\apache-maven-3.8.1\bin;D:\env\apache\apache-jmeter-3.0\bin;D:\env\spring-2.1.7.RELEASE\bin;D:\env\go\bin;D:\env\nodejs;D:\env\scala\bin;D:\env\sbt\bin;D:\env\awscli\;D:\5.tool\client\xshell\;D:\env\gradle-6.2.2\bin;D:\env\Git2\bin;D:\env\Git2\cmd;D:\env\Yarn\bin\;D:\env\nodejs\;C:\ProgramData\chocolatey\bin;C:\Program Files (x86)\HP\IdrsOCR_15.2.10.1114\;D:\5.tool\;D:\LenovoSoftstore\Install\ffmpeg\;D:\LenovoSoftstore\Install\ffmpeg\bin;C:\Users\58839\AppData\Local\Yarn\bin;C:\Users\58839\AppData\Roaming\npm;D:\IDE\IntelliJ IDEA 2021.1.3\bin;
USERNAME=sangjun
OS=Windows_NT
PROCESSOR_IDENTIFIER=Intel64 Family 6 Model 140 Stepping 1, GenuineIntel



---------------  S Y S T E M  ---------------

OS: Windows 10 , 64 bit Build 19041 (10.0.19041.1741)
OS uptime: 11 days 12:33 hours

CPU:total 8 (initial active 8) (4 cores per cpu, 2 threads per core) family 6 model 140 stepping 1 microcode 0x66, cmov, cx8, fxsr, mmx, sse, sse2, sse3, ssse3, sse4.1, sse4.2, popcnt, avx, avx2, aes, clmul, erms, 3dnowpref, lzcnt, ht, tsc, tscinvbit, bmi1, bmi2, adx, evex, sha, fma

Memory: 4k page, system-wide physical 16183M (2242M free)
TotalPageFile size 28983M (AvailPageFile size 7M)
current process WorkingSet (physical memory assigned to process): 129M, peak: 130M
current process commit charge ("private bytes"): 394M, peak: 396M

vm_info: OpenJDK 64-Bit Server VM (11.0.12+7) for windows-amd64 JRE (11.0.12+7), built on Jul 21 2021 16:23:49 by "" with unknown MS VC++:1916

END.
